{"meta": {"format": 3, "version": "7.13.5", "timestamp": "2026-03-31T18:56:11.577496", "branch_coverage": false, "show_contexts": false}, "files": {"src/prefact/__init__.py": {"executed_lines": [3], "summary": {"covered_lines": 1, "num_statements": 1, "percent_covered": 100.0, "percent_covered_display": "100", "missing_lines": 0, "excluded_lines": 0, "percent_statements_covered": 100.0, "percent_statements_covered_display": "100"}, "missing_lines": [], "excluded_lines": [], "functions": {"": {"executed_lines": [3], "summary": {"covered_lines": 1, "num_statements": 1, "percent_covered": 100.0, "percent_covered_display": "100", "missing_lines": 0, "excluded_lines": 0, "percent_statements_covered": 100.0, "percent_statements_covered_display": "100"}, "missing_lines": [], "excluded_lines": [], "start_line": 1}}, "classes": {"": {"executed_lines": [3], "summary": {"covered_lines": 1, "num_statements": 1, "percent_covered": 100.0, "percent_covered_display": "100", "missing_lines": 0, "excluded_lines": 0, "percent_statements_covered": 100.0, "percent_statements_covered_display": "100"}, "missing_lines": [], "excluded_lines": [], "start_line": 1}}}, "src/prefact/_base.py": {"executed_lines": [], "summary": {"covered_lines": 0, "num_statements": 2, "percent_covered": 0.0, "percent_covered_display": "0", "missing_lines": 2, "excluded_lines": 0, "percent_statements_covered": 0.0, "percent_statements_covered_display": "0"}, "missing_lines": [3, 6], "excluded_lines": [], "functions": {"": {"executed_lines": [], "summary": {"covered_lines": 0, "num_statements": 2, "percent_covered": 0.0, "percent_covered_display": "0", "missing_lines": 2, "excluded_lines": 0, "percent_statements_covered": 0.0, "percent_statements_covered_display": "0"}, "missing_lines": [3, 6], "excluded_lines": [], "start_line": 1}}, "classes": {"": {"executed_lines": [], "summary": {"covered_lines": 0, "num_statements": 2, "percent_covered": 0.0, "percent_covered_display": "0", "missing_lines": 2, "excluded_lines": 0, "percent_statements_covered": 0.0, "percent_statements_covered_display": "0"}, "missing_lines": [3, 6], "excluded_lines": [], "start_line": 1}}}, "src/prefact/autonomous.py": {"executed_lines": [], "summary": {"covered_lines": 0, "num_statements": 2, "percent_covered": 0.0, "percent_covered_display": "0", "missing_lines": 2, "excluded_lines": 0, "percent_statements_covered": 0.0, "percent_statements_covered_display": "0"}, "missing_lines": [14, 17], "excluded_lines": [], "functions": {"": {"executed_lines": [], "summary": {"covered_lines": 0, "num_statements": 2, "percent_covered": 0.0, "percent_covered_display": "0", "missing_lines": 2, "excluded_lines": 0, "percent_statements_covered": 0.0, "percent_statements_covered_display": "0"}, "missing_lines": [14, 17], "excluded_lines": [], "start_line": 1}}, "classes": {"": {"executed_lines": [], "summary": {"covered_lines": 0, "num_statements": 2, "percent_covered": 0.0, "percent_covered_display": "0", "missing_lines": 2, "excluded_lines": 0, "percent_statements_covered": 0.0, "percent_statements_covered_display": "0"}, "missing_lines": [14, 17], "excluded_lines": [], "start_line": 1}}}, "src/prefact/autonomous/__init__.py": {"executed_lines": [10, 11, 13, 14, 15, 16, 17, 18, 21, 24, 39, 82, 86, 90, 94, 103, 107, 112, 116, 120, 124, 134, 142, 146, 150], "summary": {"covered_lines": 25, "num_statements": 105, "percent_covered": 23.80952380952381, "percent_covered_display": "24", "missing_lines": 80, "excluded_lines": 0, "percent_statements_covered": 23.80952380952381, "percent_statements_covered_display": "24"}, "missing_lines": [25, 26, 29, 30, 31, 32, 33, 36, 37, 41, 43, 45, 47, 49, 50, 51, 54, 55, 56, 57, 60, 61, 64, 65, 68, 69, 72, 73, 75, 76, 78, 79, 80, 84, 88, 92, 96, 98, 100, 101, 105, 109, 110, 114, 118, 122, 126, 127, 128, 130, 131, 132, 137, 140, 144, 148, 152, 153, 155, 157, 158, 159, 160, 162, 164, 171, 172, 173, 175, 177, 179, 180, 187, 188, 189, 191, 193, 194, 196, 197], "excluded_lines": [], "functions": {"AutonomousRefact.__init__": {"executed_lines": [], "summary": {"covered_lines": 0, "num_statements": 9, "percent_covered": 0.0, "percent_covered_display": "0", "missing_lines": 9, "excluded_lines": 0, "percent_statements_covered": 0.0, "percent_statements_covered_display": "0"}, "missing_lines": [25, 26, 29, 30, 31, 32, 33, 36, 37], "excluded_lines": [], "start_line": 24}, "AutonomousRefact.run_autonomous": {"executed_lines": [], "summary": {"covered_lines": 0, "num_statements": 24, "percent_covered": 0.0, "percent_covered_display": "0", "missing_lines": 24, "excluded_lines": 0, "percent_statements_covered": 0.0, "percent_statements_covered_display": "0"}, "missing_lines": [41, 43, 45, 47, 49, 50, 51, 54, 55, 56, 57, 60, 61, 64, 65, 68, 69, 72, 73, 75, 76, 78, 79, 80], "excluded_lines": [], "start_line": 39}, "AutonomousRefact.create_refact_config": {"executed_lines": [], "summary": {"covered_lines": 0, "num_statements": 1, "percent_covered": 0.0, "percent_covered_display": "0", "missing_lines": 1, "excluded_lines": 0, "percent_statements_covered": 0.0, "percent_statements_covered_display": "0"}, "missing_lines": [84], "excluded_lines": [], "start_line": 82}, "AutonomousRefact.detect_project_info": {"executed_lines": [], "summary": {"covered_lines": 0, "num_statements": 1, "percent_covered": 0.0, "percent_covered_display": "0", "missing_lines": 1, "excluded_lines": 0, "percent_statements_covered": 0.0, "percent_statements_covered_display": "0"}, "missing_lines": [88], "excluded_lines": [], "start_line": 86}, "AutonomousRefact.run_examples": {"executed_lines": [], "summary": {"covered_lines": 0, "num_statements": 1, "percent_covered": 0.0, "percent_covered_display": "0", "missing_lines": 1, "excluded_lines": 0, "percent_statements_covered": 0.0, "percent_statements_covered_display": "0"}, "missing_lines": [92], "excluded_lines": [], "start_line": 90}, "AutonomousRefact.scan_project": {"executed_lines": [], "summary": {"covered_lines": 0, "num_statements": 4, "percent_covered": 0.0, "percent_covered_display": "0", "missing_lines": 4, "excluded_lines": 0, "percent_statements_covered": 0.0, "percent_statements_covered_display": "0"}, "missing_lines": [96, 98, 100, 101], "excluded_lines": [], "start_line": 94}, "AutonomousRefact.group_issues": {"executed_lines": [], "summary": {"covered_lines": 0, "num_statements": 1, "percent_covered": 0.0, "percent_covered_display": "0", "missing_lines": 1, "excluded_lines": 0, "percent_statements_covered": 0.0, "percent_statements_covered_display": "0"}, "missing_lines": [105], "excluded_lines": [], "start_line": 103}, "AutonomousRefact.update_planfile": {"executed_lines": [], "summary": {"covered_lines": 0, "num_statements": 2, "percent_covered": 0.0, "percent_covered_display": "0", "missing_lines": 2, "excluded_lines": 0, "percent_statements_covered": 0.0, "percent_statements_covered_display": "0"}, "missing_lines": [109, 110], "excluded_lines": [], "start_line": 107}, "AutonomousRefact.create_default_planfile": {"executed_lines": [], "summary": {"covered_lines": 0, "num_statements": 1, "percent_covered": 0.0, "percent_covered_display": "0", "missing_lines": 1, "excluded_lines": 0, "percent_statements_covered": 0.0, "percent_statements_covered_display": "0"}, "missing_lines": [114], "excluded_lines": [], "start_line": 112}, "AutonomousRefact.create_ticket_from_issue": {"executed_lines": [], "summary": {"covered_lines": 0, "num_statements": 1, "percent_covered": 0.0, "percent_covered_display": "0", "missing_lines": 1, "excluded_lines": 0, "percent_statements_covered": 0.0, "percent_statements_covered_display": "0"}, "missing_lines": [118], "excluded_lines": [], "start_line": 116}, "AutonomousRefact.ticket_exists": {"executed_lines": [], "summary": {"covered_lines": 0, "num_statements": 1, "percent_covered": 0.0, "percent_covered_display": "0", "missing_lines": 1, "excluded_lines": 0, "percent_statements_covered": 0.0, "percent_statements_covered_display": "0"}, "missing_lines": [122], "excluded_lines": [], "start_line": 120}, "AutonomousRefact.check_dependencies": {"executed_lines": [], "summary": {"covered_lines": 0, "num_statements": 6, "percent_covered": 0.0, "percent_covered_display": "0", "missing_lines": 6, "excluded_lines": 0, "percent_statements_covered": 0.0, "percent_statements_covered_display": "0"}, "missing_lines": [126, 127, 128, 130, 131, 132], "excluded_lines": [], "start_line": 124}, "AutonomousRefact.manage_documentation": {"executed_lines": [], "summary": {"covered_lines": 0, "num_statements": 2, "percent_covered": 0.0, "percent_covered_display": "0", "missing_lines": 2, "excluded_lines": 0, "percent_statements_covered": 0.0, "percent_statements_covered_display": "0"}, "missing_lines": [137, 140], "excluded_lines": [], "start_line": 134}, "AutonomousRefact.update_todo_md": {"executed_lines": [], "summary": {"covered_lines": 0, "num_statements": 1, "percent_covered": 0.0, "percent_covered_display": "0", "missing_lines": 1, "excluded_lines": 0, "percent_statements_covered": 0.0, "percent_statements_covered_display": "0"}, "missing_lines": [144], "excluded_lines": [], "start_line": 142}, "AutonomousRefact.execute_todos": {"executed_lines": [], "summary": {"covered_lines": 0, "num_statements": 1, "percent_covered": 0.0, "percent_covered_display": "0", "missing_lines": 1, "excluded_lines": 0, "percent_statements_covered": 0.0, "percent_statements_covered_display": "0"}, "missing_lines": [148], "excluded_lines": [], "start_line": 146}, "AutonomousRefact.run_tests": {"executed_lines": [], "summary": {"covered_lines": 0, "num_statements": 24, "percent_covered": 0.0, "percent_covered_display": "0", "missing_lines": 24, "excluded_lines": 0, "percent_statements_covered": 0.0, "percent_statements_covered_display": "0"}, "missing_lines": [152, 153, 155, 157, 158, 159, 160, 162, 164, 171, 172, 173, 175, 177, 179, 180, 187, 188, 189, 191, 193, 194, 196, 197], "excluded_lines": [], "start_line": 150}, "": {"executed_lines": [10, 11, 13, 14, 15, 16, 17, 18, 21, 24, 39, 82, 86, 90, 94, 103, 107, 112, 116, 120, 124, 134, 142, 146, 150], "summary": {"covered_lines": 25, "num_statements": 25, "percent_covered": 100.0, "percent_covered_display": "100", "missing_lines": 0, "excluded_lines": 0, "percent_statements_covered": 100.0, "percent_statements_covered_display": "100"}, "missing_lines": [], "excluded_lines": [], "start_line": 1}}, "classes": {"AutonomousRefact": {"executed_lines": [], "summary": {"covered_lines": 0, "num_statements": 80, "percent_covered": 0.0, "percent_covered_display": "0", "missing_lines": 80, "excluded_lines": 0, "percent_statements_covered": 0.0, "percent_statements_covered_display": "0"}, "missing_lines": [25, 26, 29, 30, 31, 32, 33, 36, 37, 41, 43, 45, 47, 49, 50, 51, 54, 55, 56, 57, 60, 61, 64, 65, 68, 69, 72, 73, 75, 76, 78, 79, 80, 84, 88, 92, 96, 98, 100, 101, 105, 109, 110, 114, 118, 122, 126, 127, 128, 130, 131, 132, 137, 140, 144, 148, 152, 153, 155, 157, 158, 159, 160, 162, 164, 171, 172, 173, 175, 177, 179, 180, 187, 188, 189, 191, 193, 194, 196, 197], "excluded_lines": [], "start_line": 21}, "": {"executed_lines": [10, 11, 13, 14, 15, 16, 17, 18, 21, 24, 39, 82, 86, 90, 94, 103, 107, 112, 116, 120, 124, 134, 142, 146, 150], "summary": {"covered_lines": 25, "num_statements": 25, "percent_covered": 100.0, "percent_covered_display": "100", "missing_lines": 0, "excluded_lines": 0, "percent_statements_covered": 100.0, "percent_statements_covered_display": "100"}, "missing_lines": [], "excluded_lines": [], "start_line": 1}}}, "src/prefact/autonomous/_base.py": {"executed_lines": [3, 5, 7, 10, 13, 14, 17, 20, 21, 22, 23, 24, 25, 26], "summary": {"covered_lines": 14, "num_statements": 14, "percent_covered": 100.0, "percent_covered_display": "100", "missing_lines": 0, "excluded_lines": 0, "percent_statements_covered": 100.0, "percent_statements_covered_display": "100"}, "missing_lines": [], "excluded_lines": [], "functions": {"BaseManager.__init__": {"executed_lines": [21, 22, 23, 24, 25, 26], "summary": {"covered_lines": 6, "num_statements": 6, "percent_covered": 100.0, "percent_covered_display": "100", "missing_lines": 0, "excluded_lines": 0, "percent_statements_covered": 100.0, "percent_statements_covered_display": "100"}, "missing_lines": [], "excluded_lines": [], "start_line": 20}, "": {"executed_lines": [3, 5, 7, 10, 13, 14, 17, 20], "summary": {"covered_lines": 8, "num_statements": 8, "percent_covered": 100.0, "percent_covered_display": "100", "missing_lines": 0, "excluded_lines": 0, "percent_statements_covered": 100.0, "percent_statements_covered_display": "100"}, "missing_lines": [], "excluded_lines": [], "start_line": 1}}, "classes": {"BaseManager": {"executed_lines": [21, 22, 23, 24, 25, 26], "summary": {"covered_lines": 6, "num_statements": 6, "percent_covered": 100.0, "percent_covered_display": "100", "missing_lines": 0, "excluded_lines": 0, "percent_statements_covered": 100.0, "percent_statements_covered_display": "100"}, "missing_lines": [], "excluded_lines": [], "start_line": 17}, "": {"executed_lines": [3, 5, 7, 10, 13, 14, 17, 20], "summary": {"covered_lines": 8, "num_statements": 8, "percent_covered": 100.0, "percent_covered_display": "100", "missing_lines": 0, "excluded_lines": 0, "percent_statements_covered": 100.0, "percent_statements_covered_display": "100"}, "missing_lines": [], "excluded_lines": [], "start_line": 1}}}, "src/prefact/autonomous/dependency_checker.py": {"executed_lines": [9, 10, 11, 12, 13, 14, 16, 20, 26, 29, 30, 31, 32, 38, 50, 52, 53, 54, 56, 58, 59, 60, 62, 63, 66, 72, 74, 75, 76, 78, 80, 81, 82, 84, 86, 87, 91, 92, 93, 94, 95, 96, 100, 102, 103, 104, 105, 106, 108, 109, 110, 111, 112, 113, 121, 123, 124, 131, 132, 133, 134, 136, 147, 148, 158, 161, 162, 164, 165, 166, 167, 168, 170, 175, 177, 187, 189, 191, 192, 193, 200, 202, 205, 206, 207, 211, 212, 221, 222, 224, 226, 227, 229, 231, 232, 233, 234, 235, 236, 237], "summary": {"covered_lines": 100, "num_statements": 123, "percent_covered": 81.30081300813008, "percent_covered_display": "81", "missing_lines": 23, "excluded_lines": 0, "percent_statements_covered": 81.30081300813008, "percent_statements_covered_display": "81"}, "missing_lines": [88, 89, 97, 98, 107, 114, 115, 137, 138, 139, 140, 141, 142, 143, 144, 195, 196, 198, 203, 213, 214, 215, 238], "excluded_lines": [], "functions": {"DependencyChecker.__init__": {"executed_lines": [30, 31, 32], "summary": {"covered_lines": 3, "num_statements": 3, "percent_covered": 100.0, "percent_covered_display": "100", "missing_lines": 0, "excluded_lines": 0, "percent_statements_covered": 100.0, "percent_statements_covered_display": "100"}, "missing_lines": [], "excluded_lines": [], "start_line": 29}, "DependencyChecker.check_dependencies": {"executed_lines": [50, 52, 53, 54, 56, 58, 59, 60, 62, 63, 66], "summary": {"covered_lines": 11, "num_statements": 11, "percent_covered": 100.0, "percent_covered_display": "100", "missing_lines": 0, "excluded_lines": 0, "percent_statements_covered": 100.0, "percent_statements_covered_display": "100"}, "missing_lines": [], "excluded_lines": [], "start_line": 38}, "DependencyChecker._collect_declared_deps": {"executed_lines": [74, 75, 76], "summary": {"covered_lines": 3, "num_statements": 3, "percent_covered": 100.0, "percent_covered_display": "100", "missing_lines": 0, "excluded_lines": 0, "percent_statements_covered": 100.0, "percent_statements_covered_display": "100"}, "missing_lines": [], "excluded_lines": [], "start_line": 72}, "DependencyChecker._parse_pyproject_toml": {"executed_lines": [80, 81, 82, 84, 86, 87, 91, 92, 93, 94, 95, 96], "summary": {"covered_lines": 12, "num_statements": 16, "percent_covered": 75.0, "percent_covered_display": "75", "missing_lines": 4, "excluded_lines": 0, "percent_statements_covered": 75.0, "percent_statements_covered_display": "75"}, "missing_lines": [88, 89, 97, 98], "excluded_lines": [], "start_line": 78}, "DependencyChecker._parse_requirements_files": {"executed_lines": [102, 103, 104, 105, 106, 108, 109, 110, 111, 112, 113], "summary": {"covered_lines": 11, "num_statements": 14, "percent_covered": 78.57142857142857, "percent_covered_display": "79", "missing_lines": 3, "excluded_lines": 0, "percent_statements_covered": 78.57142857142857, "percent_statements_covered_display": "79"}, "missing_lines": [107, 114, 115], "excluded_lines": [], "start_line": 100}, "DependencyChecker._query_pip_outdated": {"executed_lines": [123, 124, 131, 132, 133, 134, 136, 147, 148], "summary": {"covered_lines": 9, "num_statements": 17, "percent_covered": 52.94117647058823, "percent_covered_display": "53", "missing_lines": 8, "excluded_lines": 0, "percent_statements_covered": 52.94117647058823, "percent_statements_covered_display": "53"}, "missing_lines": [137, 138, 139, 140, 141, 142, 143, 144], "excluded_lines": [], "start_line": 121}, "DependencyChecker._build_issue_groups": {"executed_lines": [161, 162, 164, 165, 166, 167, 168, 170, 175, 177, 187], "summary": {"covered_lines": 11, "num_statements": 11, "percent_covered": 100.0, "percent_covered_display": "100", "missing_lines": 0, "excluded_lines": 0, "percent_statements_covered": 100.0, "percent_statements_covered_display": "100"}, "missing_lines": [], "excluded_lines": [], "start_line": 158}, "DependencyChecker._find_dep_source_file": {"executed_lines": [191, 192, 193], "summary": {"covered_lines": 3, "num_statements": 6, "percent_covered": 50.0, "percent_covered_display": "50", "missing_lines": 3, "excluded_lines": 0, "percent_statements_covered": 50.0, "percent_statements_covered_display": "50"}, "missing_lines": [195, 196, 198], "excluded_lines": [], "start_line": 189}, "DependencyChecker._find_dep_line": {"executed_lines": [202, 205, 206, 207, 211, 212], "summary": {"covered_lines": 6, "num_statements": 10, "percent_covered": 60.0, "percent_covered_display": "60", "missing_lines": 4, "excluded_lines": 0, "percent_statements_covered": 60.0, "percent_statements_covered_display": "60"}, "missing_lines": [203, 213, 214, 215], "excluded_lines": [], "start_line": 200}, "DependencyChecker._normalize": {"executed_lines": [224], "summary": {"covered_lines": 1, "num_statements": 1, "percent_covered": 100.0, "percent_covered_display": "100", "missing_lines": 0, "excluded_lines": 0, "percent_statements_covered": 100.0, "percent_statements_covered_display": "100"}, "missing_lines": [], "excluded_lines": [], "start_line": 222}, "DependencyChecker._parse_dep_string": {"executed_lines": [229, 231, 232, 233, 234, 235, 236, 237], "summary": {"covered_lines": 8, "num_statements": 9, "percent_covered": 88.88888888888889, "percent_covered_display": "89", "missing_lines": 1, "excluded_lines": 0, "percent_statements_covered": 88.88888888888889, "percent_statements_covered_display": "89"}, "missing_lines": [238], "excluded_lines": [], "start_line": 227}, "": {"executed_lines": [9, 10, 11, 12, 13, 14, 16, 20, 26, 29, 38, 72, 78, 100, 121, 158, 189, 200, 221, 222, 226, 227], "summary": {"covered_lines": 22, "num_statements": 22, "percent_covered": 100.0, "percent_covered_display": "100", "missing_lines": 0, "excluded_lines": 0, "percent_statements_covered": 100.0, "percent_statements_covered_display": "100"}, "missing_lines": [], "excluded_lines": [], "start_line": 1}}, "classes": {"DependencyChecker": {"executed_lines": [30, 31, 32, 50, 52, 53, 54, 56, 58, 59, 60, 62, 63, 66, 74, 75, 76, 80, 81, 82, 84, 86, 87, 91, 92, 93, 94, 95, 96, 102, 103, 104, 105, 106, 108, 109, 110, 111, 112, 113, 123, 124, 131, 132, 133, 134, 136, 147, 148, 161, 162, 164, 165, 166, 167, 168, 170, 175, 177, 187, 191, 192, 193, 202, 205, 206, 207, 211, 212, 224, 229, 231, 232, 233, 234, 235, 236, 237], "summary": {"covered_lines": 78, "num_statements": 101, "percent_covered": 77.22772277227723, "percent_covered_display": "77", "missing_lines": 23, "excluded_lines": 0, "percent_statements_covered": 77.22772277227723, "percent_statements_covered_display": "77"}, "missing_lines": [88, 89, 97, 98, 107, 114, 115, 137, 138, 139, 140, 141, 142, 143, 144, 195, 196, 198, 203, 213, 214, 215, 238], "excluded_lines": [], "start_line": 26}, "": {"executed_lines": [9, 10, 11, 12, 13, 14, 16, 20, 26, 29, 38, 72, 78, 100, 121, 158, 189, 200, 221, 222, 226, 227], "summary": {"covered_lines": 22, "num_statements": 22, "percent_covered": 100.0, "percent_covered_display": "100", "missing_lines": 0, "excluded_lines": 0, "percent_statements_covered": 100.0, "percent_statements_covered_display": "100"}, "missing_lines": [], "excluded_lines": [], "start_line": 1}}}, "src/prefact/autonomous/docs_manager.py": {"executed_lines": [3, 4, 5, 6, 8, 10, 11, 14, 17, 22, 72, 91, 131, 140], "summary": {"covered_lines": 14, "num_statements": 77, "percent_covered": 18.181818181818183, "percent_covered_display": "18", "missing_lines": 63, "excluded_lines": 0, "percent_statements_covered": 18.181818181818183, "percent_statements_covered_display": "18"}, "missing_lines": [18, 19, 20, 25, 26, 27, 29, 32, 33, 34, 35, 38, 41, 42, 43, 46, 47, 49, 50, 59, 60, 61, 63, 66, 67, 69, 70, 74, 95, 96, 97, 99, 101, 106, 107, 108, 109, 110, 113, 115, 133, 134, 135, 137, 138, 142, 143, 146, 147, 149, 150, 152, 153, 156, 157, 159, 160, 161, 162, 164, 166, 168, 169], "excluded_lines": [], "functions": {"DocsManager.__init__": {"executed_lines": [], "summary": {"covered_lines": 0, "num_statements": 3, "percent_covered": 0.0, "percent_covered_display": "0", "missing_lines": 3, "excluded_lines": 0, "percent_statements_covered": 0.0, "percent_statements_covered_display": "0"}, "missing_lines": [18, 19, 20], "excluded_lines": [], "start_line": 17}, "DocsManager.update_planfile": {"executed_lines": [], "summary": {"covered_lines": 0, "num_statements": 24, "percent_covered": 0.0, "percent_covered_display": "0", "missing_lines": 24, "excluded_lines": 0, "percent_statements_covered": 0.0, "percent_statements_covered_display": "0"}, "missing_lines": [25, 26, 27, 29, 32, 33, 34, 35, 38, 41, 42, 43, 46, 47, 49, 50, 59, 60, 61, 63, 66, 67, 69, 70], "excluded_lines": [], "start_line": 22}, "DocsManager.create_default_planfile": {"executed_lines": [], "summary": {"covered_lines": 0, "num_statements": 1, "percent_covered": 0.0, "percent_covered_display": "0", "missing_lines": 1, "excluded_lines": 0, "percent_statements_covered": 0.0, "percent_statements_covered_display": "0"}, "missing_lines": [74], "excluded_lines": [], "start_line": 72}, "DocsManager.create_ticket_from_issue": {"executed_lines": [], "summary": {"covered_lines": 0, "num_statements": 12, "percent_covered": 0.0, "percent_covered_display": "0", "missing_lines": 12, "excluded_lines": 0, "percent_statements_covered": 0.0, "percent_statements_covered_display": "0"}, "missing_lines": [95, 96, 97, 99, 101, 106, 107, 108, 109, 110, 113, 115], "excluded_lines": [], "start_line": 91}, "DocsManager.ticket_exists": {"executed_lines": [], "summary": {"covered_lines": 0, "num_statements": 5, "percent_covered": 0.0, "percent_covered_display": "0", "missing_lines": 5, "excluded_lines": 0, "percent_statements_covered": 0.0, "percent_statements_covered_display": "0"}, "missing_lines": [133, 134, 135, 137, 138], "excluded_lines": [], "start_line": 131}, "DocsManager.update_changelog_md": {"executed_lines": [], "summary": {"covered_lines": 0, "num_statements": 18, "percent_covered": 0.0, "percent_covered_display": "0", "missing_lines": 18, "excluded_lines": 0, "percent_statements_covered": 0.0, "percent_statements_covered_display": "0"}, "missing_lines": [142, 143, 146, 147, 149, 150, 152, 153, 156, 157, 159, 160, 161, 162, 164, 166, 168, 169], "excluded_lines": [], "start_line": 140}, "": {"executed_lines": [3, 4, 5, 6, 8, 10, 11, 14, 17, 22, 72, 91, 131, 140], "summary": {"covered_lines": 14, "num_statements": 14, "percent_covered": 100.0, "percent_covered_display": "100", "missing_lines": 0, "excluded_lines": 0, "percent_statements_covered": 100.0, "percent_statements_covered_display": "100"}, "missing_lines": [], "excluded_lines": [], "start_line": 1}}, "classes": {"DocsManager": {"executed_lines": [], "summary": {"covered_lines": 0, "num_statements": 63, "percent_covered": 0.0, "percent_covered_display": "0", "missing_lines": 63, "excluded_lines": 0, "percent_statements_covered": 0.0, "percent_statements_covered_display": "0"}, "missing_lines": [18, 19, 20, 25, 26, 27, 29, 32, 33, 34, 35, 38, 41, 42, 43, 46, 47, 49, 50, 59, 60, 61, 63, 66, 67, 69, 70, 74, 95, 96, 97, 99, 101, 106, 107, 108, 109, 110, 113, 115, 133, 134, 135, 137, 138, 142, 143, 146, 147, 149, 150, 152, 153, 156, 157, 159, 160, 161, 162, 164, 166, 168, 169], "excluded_lines": [], "start_line": 14}, "": {"executed_lines": [3, 4, 5, 6, 8, 10, 11, 14, 17, 22, 72, 91, 131, 140], "summary": {"covered_lines": 14, "num_statements": 14, "percent_covered": 100.0, "percent_covered_display": "100", "missing_lines": 0, "excluded_lines": 0, "percent_statements_covered": 100.0, "percent_statements_covered_display": "100"}, "missing_lines": [], "excluded_lines": [], "start_line": 1}}}, "src/prefact/autonomous/project_scanner.py": {"executed_lines": [3, 4, 5, 6, 8, 9, 10, 11, 14, 17, 22, 57, 89, 127, 150, 173], "summary": {"covered_lines": 16, "num_statements": 109, "percent_covered": 14.678899082568808, "percent_covered_display": "15", "missing_lines": 93, "excluded_lines": 0, "percent_statements_covered": 14.678899082568808, "percent_statements_covered_display": "15"}, "missing_lines": [18, 19, 20, 24, 26, 29, 30, 32, 35, 36, 38, 41, 44, 46, 48, 50, 51, 52, 53, 54, 55, 60, 62, 63, 71, 72, 75, 76, 80, 84, 85, 87, 92, 93, 95, 96, 97, 99, 100, 101, 103, 106, 107, 109, 110, 111, 112, 113, 115, 116, 118, 120, 121, 122, 123, 125, 130, 132, 134, 137, 138, 139, 140, 141, 142, 145, 146, 148, 152, 154, 155, 156, 158, 161, 162, 164, 165, 166, 168, 169, 170, 171, 175, 177, 179, 180, 182, 183, 184, 192, 193, 194, 199], "excluded_lines": [], "functions": {"ProjectScanner.__init__": {"executed_lines": [], "summary": {"covered_lines": 0, "num_statements": 3, "percent_covered": 0.0, "percent_covered_display": "0", "missing_lines": 3, "excluded_lines": 0, "percent_statements_covered": 0.0, "percent_statements_covered_display": "0"}, "missing_lines": [18, 19, 20], "excluded_lines": [], "start_line": 17}, "ProjectScanner.scan_project": {"executed_lines": [], "summary": {"covered_lines": 0, "num_statements": 18, "percent_covered": 0.0, "percent_covered_display": "0", "missing_lines": 18, "excluded_lines": 0, "percent_statements_covered": 0.0, "percent_statements_covered_display": "0"}, "missing_lines": [24, 26, 29, 30, 32, 35, 36, 38, 41, 44, 46, 48, 50, 51, 52, 53, 54, 55], "excluded_lines": [], "start_line": 22}, "ProjectScanner._scan_files_with_progress": {"executed_lines": [], "summary": {"covered_lines": 0, "num_statements": 11, "percent_covered": 0.0, "percent_covered_display": "0", "missing_lines": 11, "excluded_lines": 0, "percent_statements_covered": 0.0, "percent_statements_covered_display": "0"}, "missing_lines": [60, 62, 63, 71, 72, 75, 76, 80, 84, 85, 87], "excluded_lines": [], "start_line": 57}, "ProjectScanner._scan_files_parallel": {"executed_lines": [], "summary": {"covered_lines": 0, "num_statements": 11, "percent_covered": 0.0, "percent_covered_display": "0", "missing_lines": 11, "excluded_lines": 0, "percent_statements_covered": 0.0, "percent_statements_covered_display": "0"}, "missing_lines": [92, 93, 95, 115, 116, 118, 120, 121, 122, 123, 125], "excluded_lines": [], "start_line": 89}, "ProjectScanner._scan_files_parallel.scan_file": {"executed_lines": [], "summary": {"covered_lines": 0, "num_statements": 13, "percent_covered": 0.0, "percent_covered_display": "0", "missing_lines": 13, "excluded_lines": 0, "percent_statements_covered": 0.0, "percent_statements_covered_display": "0"}, "missing_lines": [96, 97, 99, 100, 101, 103, 106, 107, 109, 110, 111, 112, 113], "excluded_lines": [], "start_line": 95}, "ProjectScanner._scan_files_sequential": {"executed_lines": [], "summary": {"covered_lines": 0, "num_statements": 12, "percent_covered": 0.0, "percent_covered_display": "0", "missing_lines": 12, "excluded_lines": 0, "percent_statements_covered": 0.0, "percent_statements_covered_display": "0"}, "missing_lines": [130, 132, 134, 137, 138, 139, 140, 141, 142, 145, 146, 148], "excluded_lines": [], "start_line": 127}, "ProjectScanner._scan_single_file": {"executed_lines": [], "summary": {"covered_lines": 0, "num_statements": 14, "percent_covered": 0.0, "percent_covered_display": "0", "missing_lines": 14, "excluded_lines": 0, "percent_statements_covered": 0.0, "percent_statements_covered_display": "0"}, "missing_lines": [152, 154, 155, 156, 158, 161, 162, 164, 165, 166, 168, 169, 170, 171], "excluded_lines": [], "start_line": 150}, "ProjectScanner.group_issues": {"executed_lines": [], "summary": {"covered_lines": 0, "num_statements": 11, "percent_covered": 0.0, "percent_covered_display": "0", "missing_lines": 11, "excluded_lines": 0, "percent_statements_covered": 0.0, "percent_statements_covered_display": "0"}, "missing_lines": [175, 177, 179, 180, 182, 183, 184, 192, 193, 194, 199], "excluded_lines": [], "start_line": 173}, "": {"executed_lines": [3, 4, 5, 6, 8, 9, 10, 11, 14, 17, 22, 57, 89, 127, 150, 173], "summary": {"covered_lines": 16, "num_statements": 16, "percent_covered": 100.0, "percent_covered_display": "100", "missing_lines": 0, "excluded_lines": 0, "percent_statements_covered": 100.0, "percent_statements_covered_display": "100"}, "missing_lines": [], "excluded_lines": [], "start_line": 1}}, "classes": {"ProjectScanner": {"executed_lines": [], "summary": {"covered_lines": 0, "num_statements": 93, "percent_covered": 0.0, "percent_covered_display": "0", "missing_lines": 93, "excluded_lines": 0, "percent_statements_covered": 0.0, "percent_statements_covered_display": "0"}, "missing_lines": [18, 19, 20, 24, 26, 29, 30, 32, 35, 36, 38, 41, 44, 46, 48, 50, 51, 52, 53, 54, 55, 60, 62, 63, 71, 72, 75, 76, 80, 84, 85, 87, 92, 93, 95, 96, 97, 99, 100, 101, 103, 106, 107, 109, 110, 111, 112, 113, 115, 116, 118, 120, 121, 122, 123, 125, 130, 132, 134, 137, 138, 139, 140, 141, 142, 145, 146, 148, 152, 154, 155, 156, 158, 161, 162, 164, 165, 166, 168, 169, 170, 171, 175, 177, 179, 180, 182, 183, 184, 192, 193, 194, 199], "excluded_lines": [], "start_line": 14}, "": {"executed_lines": [3, 4, 5, 6, 8, 9, 10, 11, 14, 17, 22, 57, 89, 127, 150, 173], "summary": {"covered_lines": 16, "num_statements": 16, "percent_covered": 100.0, "percent_covered_display": "100", "missing_lines": 0, "excluded_lines": 0, "percent_statements_covered": 100.0, "percent_statements_covered_display": "100"}, "missing_lines": [], "excluded_lines": [], "start_line": 1}}}, "src/prefact/autonomous/setup_manager.py": {"executed_lines": [3, 4, 5, 6, 8, 9, 11, 12, 15, 18, 48, 78], "summary": {"covered_lines": 12, "num_statements": 60, "percent_covered": 20.0, "percent_covered_display": "20", "missing_lines": 48, "excluded_lines": 0, "percent_statements_covered": 20.0, "percent_statements_covered_display": "20"}, "missing_lines": [21, 24, 31, 34, 35, 38, 39, 40, 43, 44, 46, 50, 59, 60, 61, 62, 63, 64, 65, 66, 69, 70, 73, 74, 76, 80, 81, 82, 85, 87, 88, 89, 91, 93, 94, 96, 97, 99, 101, 108, 109, 110, 112, 114, 115, 116, 118, 120], "excluded_lines": [], "functions": {"SetupManager.create_refact_config": {"executed_lines": [], "summary": {"covered_lines": 0, "num_statements": 11, "percent_covered": 0.0, "percent_covered_display": "0", "missing_lines": 11, "excluded_lines": 0, "percent_statements_covered": 0.0, "percent_statements_covered_display": "0"}, "missing_lines": [21, 24, 31, 34, 35, 38, 39, 40, 43, 44, 46], "excluded_lines": [], "start_line": 18}, "SetupManager.detect_project_info": {"executed_lines": [], "summary": {"covered_lines": 0, "num_statements": 14, "percent_covered": 0.0, "percent_covered_display": "0", "missing_lines": 14, "excluded_lines": 0, "percent_statements_covered": 0.0, "percent_statements_covered_display": "0"}, "missing_lines": [50, 59, 60, 61, 62, 63, 64, 65, 66, 69, 70, 73, 74, 76], "excluded_lines": [], "start_line": 48}, "SetupManager.run_examples": {"executed_lines": [], "summary": {"covered_lines": 0, "num_statements": 23, "percent_covered": 0.0, "percent_covered_display": "0", "missing_lines": 23, "excluded_lines": 0, "percent_statements_covered": 0.0, "percent_statements_covered_display": "0"}, "missing_lines": [80, 81, 82, 85, 87, 88, 89, 91, 93, 94, 96, 97, 99, 101, 108, 109, 110, 112, 114, 115, 116, 118, 120], "excluded_lines": [], "start_line": 78}, "": {"executed_lines": [3, 4, 5, 6, 8, 9, 11, 12, 15, 18, 48, 78], "summary": {"covered_lines": 12, "num_statements": 12, "percent_covered": 100.0, "percent_covered_display": "100", "missing_lines": 0, "excluded_lines": 0, "percent_statements_covered": 100.0, "percent_statements_covered_display": "100"}, "missing_lines": [], "excluded_lines": [], "start_line": 1}}, "classes": {"SetupManager": {"executed_lines": [], "summary": {"covered_lines": 0, "num_statements": 48, "percent_covered": 0.0, "percent_covered_display": "0", "missing_lines": 48, "excluded_lines": 0, "percent_statements_covered": 0.0, "percent_statements_covered_display": "0"}, "missing_lines": [21, 24, 31, 34, 35, 38, 39, 40, 43, 44, 46, 50, 59, 60, 61, 62, 63, 64, 65, 66, 69, 70, 73, 74, 76, 80, 81, 82, 85, 87, 88, 89, 91, 93, 94, 96, 97, 99, 101, 108, 109, 110, 112, 114, 115, 116, 118, 120], "excluded_lines": [], "start_line": 15}, "": {"executed_lines": [3, 4, 5, 6, 8, 9, 11, 12, 15, 18, 48, 78], "summary": {"covered_lines": 12, "num_statements": 12, "percent_covered": 100.0, "percent_covered_display": "100", "missing_lines": 0, "excluded_lines": 0, "percent_statements_covered": 100.0, "percent_statements_covered_display": "100"}, "missing_lines": [], "excluded_lines": [], "start_line": 1}}}, "src/prefact/autonomous/todo_manager.py": {"executed_lines": [3, 4, 5, 7, 8, 9, 10, 13, 16, 20, 34, 83, 115, 126, 152, 159, 180, 213, 227, 254, 264, 295], "summary": {"covered_lines": 22, "num_statements": 191, "percent_covered": 11.518324607329843, "percent_covered_display": "12", "missing_lines": 169, "excluded_lines": 0, "percent_statements_covered": 11.518324607329843, "percent_statements_covered_display": "12"}, "missing_lines": [17, 18, 23, 26, 29, 32, 36, 37, 39, 40, 42, 43, 44, 46, 47, 49, 50, 53, 54, 55, 57, 58, 59, 62, 63, 64, 65, 66, 67, 68, 72, 74, 75, 79, 81, 85, 86, 87, 89, 90, 91, 92, 94, 95, 96, 98, 100, 101, 102, 107, 110, 111, 113, 117, 119, 120, 122, 124, 128, 129, 130, 131, 132, 135, 136, 137, 138, 141, 142, 143, 144, 147, 149, 150, 154, 155, 156, 157, 161, 162, 163, 165, 168, 170, 171, 172, 175, 178, 182, 183, 185, 186, 188, 189, 190, 191, 192, 193, 194, 195, 196, 197, 198, 199, 201, 202, 203, 204, 211, 215, 217, 218, 219, 220, 221, 223, 224, 225, 229, 230, 231, 232, 233, 236, 239, 240, 241, 242, 243, 244, 245, 246, 247, 249, 250, 252, 256, 257, 258, 259, 260, 261, 262, 268, 269, 271, 272, 274, 276, 277, 279, 280, 281, 282, 285, 288, 290, 298, 299, 300, 301, 302, 303, 305, 306, 307, 308, 310, 311], "excluded_lines": [], "functions": {"TodoManager.__init__": {"executed_lines": [], "summary": {"covered_lines": 0, "num_statements": 2, "percent_covered": 0.0, "percent_covered_display": "0", "missing_lines": 2, "excluded_lines": 0, "percent_statements_covered": 0.0, "percent_statements_covered_display": "0"}, "missing_lines": [17, 18], "excluded_lines": [], "start_line": 16}, "TodoManager.update_todo_md": {"executed_lines": [], "summary": {"covered_lines": 0, "num_statements": 4, "percent_covered": 0.0, "percent_covered_display": "0", "missing_lines": 4, "excluded_lines": 0, "percent_statements_covered": 0.0, "percent_statements_covered_display": "0"}, "missing_lines": [23, 26, 29, 32], "excluded_lines": [], "start_line": 20}, "TodoManager._parse_existing_todos": {"executed_lines": [], "summary": {"covered_lines": 0, "num_statements": 29, "percent_covered": 0.0, "percent_covered_display": "0", "missing_lines": 29, "excluded_lines": 0, "percent_statements_covered": 0.0, "percent_statements_covered_display": "0"}, "missing_lines": [36, 37, 39, 40, 42, 43, 44, 46, 47, 49, 50, 53, 54, 55, 57, 58, 59, 62, 63, 64, 65, 66, 67, 68, 72, 74, 75, 79, 81], "excluded_lines": [], "start_line": 34}, "TodoManager._generate_current_todos": {"executed_lines": [], "summary": {"covered_lines": 0, "num_statements": 18, "percent_covered": 0.0, "percent_covered_display": "0", "missing_lines": 18, "excluded_lines": 0, "percent_statements_covered": 0.0, "percent_statements_covered_display": "0"}, "missing_lines": [85, 86, 87, 89, 90, 91, 92, 94, 95, 96, 98, 100, 101, 102, 107, 110, 111, 113], "excluded_lines": [], "start_line": 83}, "TodoManager._find_completed_tasks": {"executed_lines": [], "summary": {"covered_lines": 0, "num_statements": 5, "percent_covered": 0.0, "percent_covered_display": "0", "missing_lines": 5, "excluded_lines": 0, "percent_statements_covered": 0.0, "percent_statements_covered_display": "0"}, "missing_lines": [117, 119, 120, 122, 124], "excluded_lines": [], "start_line": 115}, "TodoManager._write_todo_md": {"executed_lines": [], "summary": {"covered_lines": 0, "num_statements": 16, "percent_covered": 0.0, "percent_covered_display": "0", "missing_lines": 16, "excluded_lines": 0, "percent_statements_covered": 0.0, "percent_statements_covered_display": "0"}, "missing_lines": [128, 129, 130, 131, 132, 135, 136, 137, 138, 141, 142, 143, 144, 147, 149, 150], "excluded_lines": [], "start_line": 126}, "TodoManager._get_relative_file_path": {"executed_lines": [], "summary": {"covered_lines": 0, "num_statements": 4, "percent_covered": 0.0, "percent_covered_display": "0", "missing_lines": 4, "excluded_lines": 0, "percent_statements_covered": 0.0, "percent_statements_covered_display": "0"}, "missing_lines": [154, 155, 156, 157], "excluded_lines": [], "start_line": 152}, "TodoManager.execute_todos": {"executed_lines": [], "summary": {"covered_lines": 0, "num_statements": 10, "percent_covered": 0.0, "percent_covered_display": "0", "missing_lines": 10, "excluded_lines": 0, "percent_statements_covered": 0.0, "percent_statements_covered_display": "0"}, "missing_lines": [161, 162, 163, 165, 168, 170, 171, 172, 175, 178], "excluded_lines": [], "start_line": 159}, "TodoManager._parse_todo_tasks": {"executed_lines": [], "summary": {"covered_lines": 0, "num_statements": 21, "percent_covered": 0.0, "percent_covered_display": "0", "missing_lines": 21, "excluded_lines": 0, "percent_statements_covered": 0.0, "percent_statements_covered_display": "0"}, "missing_lines": [182, 183, 185, 186, 188, 189, 190, 191, 192, 193, 194, 195, 196, 197, 198, 199, 201, 202, 203, 204, 211], "excluded_lines": [], "start_line": 180}, "TodoManager._get_refactoring_config": {"executed_lines": [], "summary": {"covered_lines": 0, "num_statements": 9, "percent_covered": 0.0, "percent_covered_display": "0", "missing_lines": 9, "excluded_lines": 0, "percent_statements_covered": 0.0, "percent_statements_covered_display": "0"}, "missing_lines": [215, 217, 218, 219, 220, 221, 223, 224, 225], "excluded_lines": [], "start_line": 213}, "TodoManager._execute_todo_tasks": {"executed_lines": [], "summary": {"covered_lines": 0, "num_statements": 18, "percent_covered": 0.0, "percent_covered_display": "0", "missing_lines": 18, "excluded_lines": 0, "percent_statements_covered": 0.0, "percent_statements_covered_display": "0"}, "missing_lines": [229, 230, 231, 232, 233, 236, 239, 240, 241, 242, 243, 244, 245, 246, 247, 249, 250, 252], "excluded_lines": [], "start_line": 227}, "TodoManager._group_tasks_by_file": {"executed_lines": [], "summary": {"covered_lines": 0, "num_statements": 7, "percent_covered": 0.0, "percent_covered_display": "0", "missing_lines": 7, "excluded_lines": 0, "percent_statements_covered": 0.0, "percent_statements_covered_display": "0"}, "missing_lines": [256, 257, 258, 259, 260, 261, 262], "excluded_lines": [], "start_line": 254}, "TodoManager._process_file_tasks": {"executed_lines": [], "summary": {"covered_lines": 0, "num_statements": 14, "percent_covered": 0.0, "percent_covered_display": "0", "missing_lines": 14, "excluded_lines": 0, "percent_statements_covered": 0.0, "percent_statements_covered_display": "0"}, "missing_lines": [268, 269, 271, 272, 274, 276, 277, 279, 280, 281, 282, 285, 288, 290], "excluded_lines": [], "start_line": 264}, "TodoManager._update_todo_with_execution_results": {"executed_lines": [], "summary": {"covered_lines": 0, "num_statements": 12, "percent_covered": 0.0, "percent_covered_display": "0", "missing_lines": 12, "excluded_lines": 0, "percent_statements_covered": 0.0, "percent_statements_covered_display": "0"}, "missing_lines": [298, 299, 300, 301, 302, 303, 305, 306, 307, 308, 310, 311], "excluded_lines": [], "start_line": 295}, "": {"executed_lines": [3, 4, 5, 7, 8, 9, 10, 13, 16, 20, 34, 83, 115, 126, 152, 159, 180, 213, 227, 254, 264, 295], "summary": {"covered_lines": 22, "num_statements": 22, "percent_covered": 100.0, "percent_covered_display": "100", "missing_lines": 0, "excluded_lines": 0, "percent_statements_covered": 100.0, "percent_statements_covered_display": "100"}, "missing_lines": [], "excluded_lines": [], "start_line": 1}}, "classes": {"TodoManager": {"executed_lines": [], "summary": {"covered_lines": 0, "num_statements": 169, "percent_covered": 0.0, "percent_covered_display": "0", "missing_lines": 169, "excluded_lines": 0, "percent_statements_covered": 0.0, "percent_statements_covered_display": "0"}, "missing_lines": [17, 18, 23, 26, 29, 32, 36, 37, 39, 40, 42, 43, 44, 46, 47, 49, 50, 53, 54, 55, 57, 58, 59, 62, 63, 64, 65, 66, 67, 68, 72, 74, 75, 79, 81, 85, 86, 87, 89, 90, 91, 92, 94, 95, 96, 98, 100, 101, 102, 107, 110, 111, 113, 117, 119, 120, 122, 124, 128, 129, 130, 131, 132, 135, 136, 137, 138, 141, 142, 143, 144, 147, 149, 150, 154, 155, 156, 157, 161, 162, 163, 165, 168, 170, 171, 172, 175, 178, 182, 183, 185, 186, 188, 189, 190, 191, 192, 193, 194, 195, 196, 197, 198, 199, 201, 202, 203, 204, 211, 215, 217, 218, 219, 220, 221, 223, 224, 225, 229, 230, 231, 232, 233, 236, 239, 240, 241, 242, 243, 244, 245, 246, 247, 249, 250, 252, 256, 257, 258, 259, 260, 261, 262, 268, 269, 271, 272, 274, 276, 277, 279, 280, 281, 282, 285, 288, 290, 298, 299, 300, 301, 302, 303, 305, 306, 307, 308, 310, 311], "excluded_lines": [], "start_line": 13}, "": {"executed_lines": [3, 4, 5, 7, 8, 9, 10, 13, 16, 20, 34, 83, 115, 126, 152, 159, 180, 213, 227, 254, 264, 295], "summary": {"covered_lines": 22, "num_statements": 22, "percent_covered": 100.0, "percent_covered_display": "100", "missing_lines": 0, "excluded_lines": 0, "percent_statements_covered": 100.0, "percent_statements_covered_display": "100"}, "missing_lines": [], "excluded_lines": [], "start_line": 1}}}, "src/prefact/benchmark.py": {"executed_lines": [], "summary": {"covered_lines": 0, "num_statements": 104, "percent_covered": 0.0, "percent_covered_display": "0", "missing_lines": 104, "excluded_lines": 2, "percent_statements_covered": 0.0, "percent_statements_covered_display": "0"}, "missing_lines": [17, 19, 20, 21, 22, 23, 24, 26, 37, 44, 47, 49, 56, 57, 58, 59, 61, 62, 63, 64, 65, 66, 72, 83, 84, 85, 87, 88, 89, 90, 91, 92, 94, 100, 102, 103, 104, 106, 107, 125, 127, 129, 130, 131, 133, 134, 135, 142, 143, 144, 145, 146, 148, 149, 150, 151, 152, 154, 155, 156, 157, 159, 168, 169, 172, 173, 174, 176, 181, 188, 189, 190, 195, 196, 203, 204, 205, 208, 210, 217, 233, 234, 236, 237, 239, 240, 242, 249, 250, 263, 269, 270, 271, 275, 277, 278, 280, 281, 282, 283, 285, 286, 287, 289], "excluded_lines": [292, 293], "functions": {"ScanProbe.__init__": {"executed_lines": [], "summary": {"covered_lines": 0, "num_statements": 4, "percent_covered": 0.0, "percent_covered_display": "0", "missing_lines": 4, "excluded_lines": 0, "percent_statements_covered": 0.0, "percent_statements_covered_display": "0"}, "missing_lines": [56, 57, 58, 59], "excluded_lines": [], "start_line": 49}, "ScanProbe.run": {"executed_lines": [], "summary": {"covered_lines": 0, "num_statements": 22, "percent_covered": 0.0, "percent_covered_display": "0", "missing_lines": 22, "excluded_lines": 0, "percent_statements_covered": 0.0, "percent_statements_covered_display": "0"}, "missing_lines": [62, 63, 64, 65, 66, 72, 83, 84, 85, 87, 88, 89, 90, 91, 92, 94, 100, 102, 103, 104, 106, 107], "excluded_lines": [], "start_line": 61}, "_make_inprocess_probe": {"executed_lines": [], "summary": {"covered_lines": 0, "num_statements": 4, "percent_covered": 0.0, "percent_covered_display": "0", "missing_lines": 4, "excluded_lines": 0, "percent_statements_covered": 0.0, "percent_statements_covered_display": "0"}, "missing_lines": [127, 129, 154, 159], "excluded_lines": [], "start_line": 125}, "_make_inprocess_probe.setup": {"executed_lines": [], "summary": {"covered_lines": 0, "num_statements": 15, "percent_covered": 0.0, "percent_covered_display": "0", "missing_lines": 15, "excluded_lines": 0, "percent_statements_covered": 0.0, "percent_statements_covered_display": "0"}, "missing_lines": [130, 131, 133, 134, 135, 142, 143, 144, 145, 146, 148, 149, 150, 151, 152], "excluded_lines": [], "start_line": 129}, "_make_inprocess_probe.fn": {"executed_lines": [], "summary": {"covered_lines": 0, "num_statements": 3, "percent_covered": 0.0, "percent_covered_display": "0", "missing_lines": 3, "excluded_lines": 0, "percent_statements_covered": 0.0, "percent_statements_covered_display": "0"}, "missing_lines": [155, 156, 157], "excluded_lines": [], "start_line": 154}, "build_prefact_suite": {"executed_lines": [], "summary": {"covered_lines": 0, "num_statements": 16, "percent_covered": 0.0, "percent_covered_display": "0", "missing_lines": 16, "excluded_lines": 0, "percent_statements_covered": 0.0, "percent_statements_covered_display": "0"}, "missing_lines": [169, 172, 173, 174, 176, 181, 188, 189, 190, 195, 196, 203, 204, 205, 208, 210], "excluded_lines": [], "start_line": 168}, "benchmark_library": {"executed_lines": [], "summary": {"covered_lines": 0, "num_statements": 7, "percent_covered": 0.0, "percent_covered_display": "0", "missing_lines": 7, "excluded_lines": 0, "percent_statements_covered": 0.0, "percent_statements_covered_display": "0"}, "missing_lines": [233, 234, 236, 237, 239, 240, 242], "excluded_lines": [], "start_line": 217}, "main": {"executed_lines": [], "summary": {"covered_lines": 0, "num_statements": 16, "percent_covered": 0.0, "percent_covered_display": "0", "missing_lines": 16, "excluded_lines": 0, "percent_statements_covered": 0.0, "percent_statements_covered_display": "0"}, "missing_lines": [250, 263, 269, 270, 271, 275, 277, 278, 280, 281, 282, 283, 285, 286, 287, 289], "excluded_lines": [], "start_line": 249}, "": {"executed_lines": [], "summary": {"covered_lines": 0, "num_statements": 17, "percent_covered": 0.0, "percent_covered_display": "0", "missing_lines": 17, "excluded_lines": 2, "percent_statements_covered": 0.0, "percent_statements_covered_display": "0"}, "missing_lines": [17, 19, 20, 21, 22, 23, 24, 26, 37, 44, 47, 49, 61, 125, 168, 217, 249], "excluded_lines": [292, 293], "start_line": 1}}, "classes": {"ScanProbe": {"executed_lines": [], "summary": {"covered_lines": 0, "num_statements": 26, "percent_covered": 0.0, "percent_covered_display": "0", "missing_lines": 26, "excluded_lines": 0, "percent_statements_covered": 0.0, "percent_statements_covered_display": "0"}, "missing_lines": [56, 57, 58, 59, 62, 63, 64, 65, 66, 72, 83, 84, 85, 87, 88, 89, 90, 91, 92, 94, 100, 102, 103, 104, 106, 107], "excluded_lines": [], "start_line": 44}, "": {"executed_lines": [], "summary": {"covered_lines": 0, "num_statements": 78, "percent_covered": 0.0, "percent_covered_display": "0", "missing_lines": 78, "excluded_lines": 2, "percent_statements_covered": 0.0, "percent_statements_covered_display": "0"}, "missing_lines": [17, 19, 20, 21, 22, 23, 24, 26, 37, 44, 47, 49, 61, 125, 127, 129, 130, 131, 133, 134, 135, 142, 143, 144, 145, 146, 148, 149, 150, 151, 152, 154, 155, 156, 157, 159, 168, 169, 172, 173, 174, 176, 181, 188, 189, 190, 195, 196, 203, 204, 205, 208, 210, 217, 233, 234, 236, 237, 239, 240, 242, 249, 250, 263, 269, 270, 271, 275, 277, 278, 280, 281, 282, 283, 285, 286, 287, 289], "excluded_lines": [292, 293], "start_line": 1}}}, "src/prefact/cli.py": {"executed_lines": [], "summary": {"covered_lines": 0, "num_statements": 151, "percent_covered": 0.0, "percent_covered_display": "0", "missing_lines": 151, "excluded_lines": 2, "percent_statements_covered": 0.0, "percent_statements_covered_display": "0"}, "missing_lines": [3, 5, 7, 8, 9, 10, 11, 12, 15, 16, 17, 18, 19, 20, 21, 22, 23, 24, 32, 33, 34, 36, 42, 43, 44, 45, 46, 47, 48, 49, 52, 53, 55, 56, 57, 58, 61, 62, 64, 65, 66, 67, 69, 70, 71, 72, 73, 74, 80, 81, 82, 84, 85, 86, 87, 90, 91, 92, 93, 94, 96, 97, 98, 99, 100, 101, 102, 103, 106, 107, 108, 109, 111, 112, 113, 114, 117, 118, 119, 121, 163, 164, 165, 166, 167, 168, 171, 172, 173, 174, 175, 176, 177, 183, 185, 188, 190, 191, 192, 193, 194, 196, 197, 200, 202, 203, 206, 207, 208, 210, 212, 214, 216, 218, 219, 220, 222, 223, 225, 227, 228, 229, 231, 234, 235, 249, 250, 251, 252, 255, 256, 259, 260, 262, 264, 266, 267, 268, 269, 270, 271, 273, 274, 275, 281, 282, 283, 284, 288, 289, 291], "excluded_lines": [294, 295], "functions": {"main": {"executed_lines": [], "summary": {"covered_lines": 0, "num_statements": 4, "percent_covered": 0.0, "percent_covered_display": "0", "missing_lines": 4, "excluded_lines": 0, "percent_statements_covered": 0.0, "percent_statements_covered_display": "0"}, "missing_lines": [32, 33, 34, 36], "excluded_lines": [], "start_line": 24}, "_common_options": {"executed_lines": [], "summary": {"covered_lines": 0, "num_statements": 7, "percent_covered": 0.0, "percent_covered_display": "0", "missing_lines": 7, "excluded_lines": 0, "percent_statements_covered": 0.0, "percent_statements_covered_display": "0"}, "missing_lines": [43, 44, 45, 46, 47, 48, 49], "excluded_lines": [], "start_line": 42}, "_build_config": {"executed_lines": [], "summary": {"covered_lines": 0, "num_statements": 17, "percent_covered": 0.0, "percent_covered_display": "0", "missing_lines": 17, "excluded_lines": 0, "percent_statements_covered": 0.0, "percent_statements_covered_display": "0"}, "missing_lines": [53, 55, 56, 57, 58, 61, 62, 64, 65, 66, 67, 69, 70, 71, 72, 73, 74], "excluded_lines": [], "start_line": 52}, "scan": {"executed_lines": [], "summary": {"covered_lines": 0, "num_statements": 4, "percent_covered": 0.0, "percent_covered_display": "0", "missing_lines": 4, "excluded_lines": 0, "percent_statements_covered": 0.0, "percent_statements_covered_display": "0"}, "missing_lines": [84, 85, 86, 87], "excluded_lines": [], "start_line": 82}, "fix": {"executed_lines": [], "summary": {"covered_lines": 0, "num_statements": 8, "percent_covered": 0.0, "percent_covered_display": "0", "missing_lines": 8, "excluded_lines": 0, "percent_statements_covered": 0.0, "percent_statements_covered_display": "0"}, "missing_lines": [96, 97, 98, 99, 100, 101, 102, 103], "excluded_lines": [], "start_line": 94}, "check": {"executed_lines": [], "summary": {"covered_lines": 0, "num_statements": 4, "percent_covered": 0.0, "percent_covered_display": "0", "missing_lines": 4, "excluded_lines": 0, "percent_statements_covered": 0.0, "percent_statements_covered_display": "0"}, "missing_lines": [111, 112, 113, 114], "excluded_lines": [], "start_line": 109}, "init": {"executed_lines": [], "summary": {"covered_lines": 0, "num_statements": 7, "percent_covered": 0.0, "percent_covered_display": "0", "missing_lines": 7, "excluded_lines": 0, "percent_statements_covered": 0.0, "percent_statements_covered_display": "0"}, "missing_lines": [121, 163, 164, 165, 166, 167, 168], "excluded_lines": [], "start_line": 119}, "autonomous_cmd": {"executed_lines": [], "summary": {"covered_lines": 0, "num_statements": 13, "percent_covered": 0.0, "percent_covered_display": "0", "missing_lines": 13, "excluded_lines": 0, "percent_statements_covered": 0.0, "percent_statements_covered_display": "0"}, "missing_lines": [183, 185, 188, 190, 191, 192, 193, 194, 196, 197, 200, 202, 203], "excluded_lines": [], "start_line": 177}, "check_deps_cmd": {"executed_lines": [], "summary": {"covered_lines": 0, "num_statements": 20, "percent_covered": 0.0, "percent_covered_display": "0", "missing_lines": 20, "excluded_lines": 0, "percent_statements_covered": 0.0, "percent_statements_covered_display": "0"}, "missing_lines": [214, 216, 218, 219, 220, 222, 223, 225, 227, 228, 229, 231, 234, 235, 249, 250, 251, 252, 255, 256], "excluded_lines": [], "start_line": 212}, "rules": {"executed_lines": [], "summary": {"covered_lines": 0, "num_statements": 11, "percent_covered": 0.0, "percent_covered_display": "0", "missing_lines": 11, "excluded_lines": 0, "percent_statements_covered": 0.0, "percent_statements_covered_display": "0"}, "missing_lines": [262, 264, 266, 267, 268, 269, 270, 271, 273, 274, 275], "excluded_lines": [], "start_line": 260}, "_output": {"executed_lines": [], "summary": {"covered_lines": 0, "num_statements": 6, "percent_covered": 0.0, "percent_covered_display": "0", "missing_lines": 6, "excluded_lines": 0, "percent_statements_covered": 0.0, "percent_statements_covered_display": "0"}, "missing_lines": [282, 283, 284, 288, 289, 291], "excluded_lines": [], "start_line": 281}, "": {"executed_lines": [], "summary": {"covered_lines": 0, "num_statements": 50, "percent_covered": 0.0, "percent_covered_display": "0", "missing_lines": 50, "excluded_lines": 2, "percent_statements_covered": 0.0, "percent_statements_covered_display": "0"}, "missing_lines": [3, 5, 7, 8, 9, 10, 11, 12, 15, 16, 17, 18, 19, 20, 21, 22, 23, 24, 42, 52, 80, 81, 82, 90, 91, 92, 93, 94, 106, 107, 108, 109, 117, 118, 119, 171, 172, 173, 174, 175, 176, 177, 206, 207, 208, 210, 212, 259, 260, 281], "excluded_lines": [294, 295], "start_line": 1}}, "classes": {"": {"executed_lines": [], "summary": {"covered_lines": 0, "num_statements": 151, "percent_covered": 0.0, "percent_covered_display": "0", "missing_lines": 151, "excluded_lines": 2, "percent_statements_covered": 0.0, "percent_statements_covered_display": "0"}, "missing_lines": [3, 5, 7, 8, 9, 10, 11, 12, 15, 16, 17, 18, 19, 20, 21, 22, 23, 24, 32, 33, 34, 36, 42, 43, 44, 45, 46, 47, 48, 49, 52, 53, 55, 56, 57, 58, 61, 62, 64, 65, 66, 67, 69, 70, 71, 72, 73, 74, 80, 81, 82, 84, 85, 86, 87, 90, 91, 92, 93, 94, 96, 97, 98, 99, 100, 101, 102, 103, 106, 107, 108, 109, 111, 112, 113, 114, 117, 118, 119, 121, 163, 164, 165, 166, 167, 168, 171, 172, 173, 174, 175, 176, 177, 183, 185, 188, 190, 191, 192, 193, 194, 196, 197, 200, 202, 203, 206, 207, 208, 210, 212, 214, 216, 218, 219, 220, 222, 223, 225, 227, 228, 229, 231, 234, 235, 249, 250, 251, 252, 255, 256, 259, 260, 262, 264, 266, 267, 268, 269, 270, 271, 273, 274, 275, 281, 282, 283, 284, 288, 289, 291], "excluded_lines": [294, 295], "start_line": 1}}}, "src/prefact/config.py": {"executed_lines": [4, 5, 6, 8, 11, 12, 15, 16, 17, 20, 21, 25, 28, 31, 32, 46, 49, 50, 51, 55, 56, 58, 61, 64, 66, 75, 76, 78, 79, 80, 81, 82, 83, 84, 86, 87, 89, 97, 98, 99, 101, 103, 105, 106, 107, 109, 111, 113, 115, 116, 117, 119, 121, 122, 125, 131, 132, 133, 134, 135, 137, 139, 141, 142, 143, 146, 147, 150, 151, 152, 153, 154, 160, 162, 163, 164, 168, 170, 171, 172, 174, 175, 176, 180, 182, 184, 185, 190, 192], "summary": {"covered_lines": 89, "num_statements": 96, "percent_covered": 92.70833333333333, "percent_covered_display": "93", "missing_lines": 7, "excluded_lines": 0, "percent_statements_covered": 92.70833333333333, "percent_statements_covered_display": "93"}, "missing_lines": [148, 155, 156, 158, 165, 166, 178], "excluded_lines": [], "functions": {"Config.from_yaml": {"executed_lines": [58, 61, 64, 66], "summary": {"covered_lines": 4, "num_statements": 4, "percent_covered": 100.0, "percent_covered_display": "100", "missing_lines": 0, "excluded_lines": 0, "percent_statements_covered": 100.0, "percent_statements_covered_display": "100"}, "missing_lines": [], "excluded_lines": [], "start_line": 56}, "Config._parse_rules": {"executed_lines": [78, 79, 80, 81, 82, 83, 84], "summary": {"covered_lines": 7, "num_statements": 7, "percent_covered": 100.0, "percent_covered_display": "100", "missing_lines": 0, "excluded_lines": 0, "percent_statements_covered": 100.0, "percent_statements_covered_display": "100"}, "missing_lines": [], "excluded_lines": [], "start_line": 76}, "Config._get_default_patterns": {"executed_lines": [89], "summary": {"covered_lines": 1, "num_statements": 1, "percent_covered": 100.0, "percent_covered_display": "100", "missing_lines": 0, "excluded_lines": 0, "percent_statements_covered": 100.0, "percent_statements_covered_display": "100"}, "missing_lines": [], "excluded_lines": [], "start_line": 87}, "Config.rule_enabled": {"executed_lines": [98, 99], "summary": {"covered_lines": 2, "num_statements": 2, "percent_covered": 100.0, "percent_covered_display": "100", "missing_lines": 0, "excluded_lines": 0, "percent_statements_covered": 100.0, "percent_statements_covered_display": "100"}, "missing_lines": [], "excluded_lines": [], "start_line": 97}, "Config.is_rule_enabled": {"executed_lines": [103], "summary": {"covered_lines": 1, "num_statements": 1, "percent_covered": 100.0, "percent_covered_display": "100", "missing_lines": 0, "excluded_lines": 0, "percent_statements_covered": 100.0, "percent_statements_covered_display": "100"}, "missing_lines": [], "excluded_lines": [], "start_line": 101}, "Config.rule_options": {"executed_lines": [106, 107], "summary": {"covered_lines": 2, "num_statements": 2, "percent_covered": 100.0, "percent_covered_display": "100", "missing_lines": 0, "excluded_lines": 0, "percent_statements_covered": 100.0, "percent_statements_covered_display": "100"}, "missing_lines": [], "excluded_lines": [], "start_line": 105}, "Config.get_rule_option": {"executed_lines": [111], "summary": {"covered_lines": 1, "num_statements": 1, "percent_covered": 100.0, "percent_covered_display": "100", "missing_lines": 0, "excluded_lines": 0, "percent_statements_covered": 100.0, "percent_statements_covered_display": "100"}, "missing_lines": [], "excluded_lines": [], "start_line": 109}, "Config.set_rule_option": {"executed_lines": [115, 116, 117], "summary": {"covered_lines": 3, "num_statements": 3, "percent_covered": 100.0, "percent_covered_display": "100", "missing_lines": 0, "excluded_lines": 0, "percent_statements_covered": 100.0, "percent_statements_covered_display": "100"}, "missing_lines": [], "excluded_lines": [], "start_line": 113}, "Config.detect_package_name": {"executed_lines": [121, 122, 125, 131, 132, 133, 134, 135, 137], "summary": {"covered_lines": 9, "num_statements": 9, "percent_covered": 100.0, "percent_covered_display": "100", "missing_lines": 0, "excluded_lines": 0, "percent_statements_covered": 100.0, "percent_statements_covered_display": "100"}, "missing_lines": [], "excluded_lines": [], "start_line": 119}, "Config._detect_from_pyproject": {"executed_lines": [141, 142, 143, 146, 147, 150, 151, 152, 153, 154], "summary": {"covered_lines": 10, "num_statements": 14, "percent_covered": 71.42857142857143, "percent_covered_display": "71", "missing_lines": 4, "excluded_lines": 0, "percent_statements_covered": 71.42857142857143, "percent_statements_covered_display": "71"}, "missing_lines": [148, 155, 156, 158], "excluded_lines": [], "start_line": 139}, "Config._get_tomllib": {"executed_lines": [162, 163, 164], "summary": {"covered_lines": 3, "num_statements": 5, "percent_covered": 60.0, "percent_covered_display": "60", "missing_lines": 2, "excluded_lines": 0, "percent_statements_covered": 60.0, "percent_statements_covered_display": "60"}, "missing_lines": [165, 166], "excluded_lines": [], "start_line": 160}, "Config._detect_from_src_layout": {"executed_lines": [170, 171, 172, 174, 175, 176], "summary": {"covered_lines": 6, "num_statements": 7, "percent_covered": 85.71428571428571, "percent_covered_display": "86", "missing_lines": 1, "excluded_lines": 0, "percent_statements_covered": 85.71428571428571, "percent_statements_covered_display": "86"}, "missing_lines": [178], "excluded_lines": [], "start_line": 168}, "Config._detect_from_root_layout": {"executed_lines": [182, 184, 185, 190, 192], "summary": {"covered_lines": 5, "num_statements": 5, "percent_covered": 100.0, "percent_covered_display": "100", "missing_lines": 0, "excluded_lines": 0, "percent_statements_covered": 100.0, "percent_statements_covered_display": "100"}, "missing_lines": [], "excluded_lines": [], "start_line": 180}, "": {"executed_lines": [4, 5, 6, 8, 11, 12, 15, 16, 17, 20, 21, 25, 28, 31, 32, 46, 49, 50, 51, 55, 56, 75, 76, 86, 87, 97, 101, 105, 109, 113, 119, 139, 160, 168, 180], "summary": {"covered_lines": 35, "num_statements": 35, "percent_covered": 100.0, "percent_covered_display": "100", "missing_lines": 0, "excluded_lines": 0, "percent_statements_covered": 100.0, "percent_statements_covered_display": "100"}, "missing_lines": [], "excluded_lines": [], "start_line": 1}}, "classes": {"RuleConfig": {"executed_lines": [], "summary": {"covered_lines": 0, "num_statements": 0, "percent_covered": 100.0, "percent_covered_display": "100", "missing_lines": 0, "excluded_lines": 0, "percent_statements_covered": 100.0, "percent_statements_covered_display": "100"}, "missing_lines": [], "excluded_lines": [], "start_line": 12}, "Config": {"executed_lines": [58, 61, 64, 66, 78, 79, 80, 81, 82, 83, 84, 89, 98, 99, 103, 106, 107, 111, 115, 116, 117, 121, 122, 125, 131, 132, 133, 134, 135, 137, 141, 142, 143, 146, 147, 150, 151, 152, 153, 154, 162, 163, 164, 170, 171, 172, 174, 175, 176, 182, 184, 185, 190, 192], "summary": {"covered_lines": 54, "num_statements": 61, "percent_covered": 88.52459016393442, "percent_covered_display": "89", "missing_lines": 7, "excluded_lines": 0, "percent_statements_covered": 88.52459016393442, "percent_statements_covered_display": "89"}, "missing_lines": [148, 155, 156, 158, 165, 166, 178], "excluded_lines": [], "start_line": 21}, "": {"executed_lines": [4, 5, 6, 8, 11, 12, 15, 16, 17, 20, 21, 25, 28, 31, 32, 46, 49, 50, 51, 55, 56, 75, 76, 86, 87, 97, 101, 105, 109, 113, 119, 139, 160, 168, 180], "summary": {"covered_lines": 35, "num_statements": 35, "percent_covered": 100.0, "percent_covered_display": "100", "missing_lines": 0, "excluded_lines": 0, "percent_statements_covered": 100.0, "percent_statements_covered_display": "100"}, "missing_lines": [], "excluded_lines": [], "start_line": 1}}}, "src/prefact/config_extended.py": {"executed_lines": [12, 13, 14, 15, 18, 19, 21, 24, 27, 58, 59, 133, 134, 146, 150, 154, 158, 172, 175, 176, 198, 199, 213, 214, 224, 225, 236, 237, 251, 252, 272, 275, 276, 402, 403, 419, 420, 427, 451], "summary": {"covered_lines": 39, "num_statements": 173, "percent_covered": 22.54335260115607, "percent_covered_display": "23", "missing_lines": 134, "excluded_lines": 0, "percent_statements_covered": 22.54335260115607, "percent_statements_covered_display": "23"}, "missing_lines": [40, 43, 46, 49, 52, 55, 56, 61, 62, 64, 65, 68, 69, 71, 74, 75, 76, 77, 78, 80, 84, 87, 88, 90, 96, 99, 102, 105, 108, 109, 120, 136, 138, 139, 140, 142, 144, 148, 152, 156, 160, 162, 169, 178, 181, 182, 183, 184, 185, 186, 187, 190, 193, 194, 196, 201, 203, 204, 205, 207, 208, 209, 211, 216, 218, 219, 220, 222, 227, 229, 230, 231, 232, 234, 239, 241, 242, 243, 245, 246, 247, 249, 254, 257, 258, 259, 260, 261, 263, 264, 265, 266, 267, 269, 282, 283, 285, 286, 288, 343, 344, 351, 352, 358, 359, 366, 367, 368, 373, 374, 379, 380, 385, 386, 393, 394, 400, 410, 422, 423, 432, 434, 435, 436, 437, 438, 439, 441, 442, 445, 446, 448, 453, 455], "excluded_lines": [], "functions": {"ExtendedConfig.__init__": {"executed_lines": [], "summary": {"covered_lines": 0, "num_statements": 7, "percent_covered": 0.0, "percent_covered_display": "0", "missing_lines": 7, "excluded_lines": 0, "percent_statements_covered": 0.0, "percent_statements_covered_display": "0"}, "missing_lines": [40, 43, 46, 49, 52, 55, 56], "excluded_lines": [], "start_line": 27}, "ExtendedConfig.from_yaml": {"executed_lines": [], "summary": {"covered_lines": 0, "num_statements": 24, "percent_covered": 0.0, "percent_covered_display": "0", "missing_lines": 24, "excluded_lines": 0, "percent_statements_covered": 0.0, "percent_statements_covered_display": "0"}, "missing_lines": [61, 62, 64, 65, 68, 69, 71, 74, 75, 76, 77, 78, 80, 84, 87, 88, 90, 96, 99, 102, 105, 108, 109, 120], "excluded_lines": [], "start_line": 59}, "ExtendedConfig._deep_merge": {"executed_lines": [], "summary": {"covered_lines": 0, "num_statements": 6, "percent_covered": 0.0, "percent_covered_display": "0", "missing_lines": 6, "excluded_lines": 0, "percent_statements_covered": 0.0, "percent_statements_covered_display": "0"}, "missing_lines": [136, 138, 139, 140, 142, 144], "excluded_lines": [], "start_line": 134}, "ExtendedConfig.get_tool_config": {"executed_lines": [], "summary": {"covered_lines": 0, "num_statements": 1, "percent_covered": 0.0, "percent_covered_display": "0", "missing_lines": 1, "excluded_lines": 0, "percent_statements_covered": 0.0, "percent_statements_covered_display": "0"}, "missing_lines": [148], "excluded_lines": [], "start_line": 146}, "ExtendedConfig.get_performance_setting": {"executed_lines": [], "summary": {"covered_lines": 0, "num_statements": 1, "percent_covered": 0.0, "percent_covered_display": "0", "missing_lines": 1, "excluded_lines": 0, "percent_statements_covered": 0.0, "percent_statements_covered_display": "0"}, "missing_lines": [152], "excluded_lines": [], "start_line": 150}, "ExtendedConfig.get_plugin_config": {"executed_lines": [], "summary": {"covered_lines": 0, "num_statements": 1, "percent_covered": 0.0, "percent_covered_display": "0", "missing_lines": 1, "excluded_lines": 0, "percent_statements_covered": 0.0, "percent_statements_covered_display": "0"}, "missing_lines": [156], "excluded_lines": [], "start_line": 154}, "ExtendedConfig.to_dict": {"executed_lines": [], "summary": {"covered_lines": 0, "num_statements": 3, "percent_covered": 0.0, "percent_covered_display": "0", "missing_lines": 3, "excluded_lines": 0, "percent_statements_covered": 0.0, "percent_statements_covered_display": "0"}, "missing_lines": [160, 162, 169], "excluded_lines": [], "start_line": 158}, "ConfigValidator.validate": {"executed_lines": [], "summary": {"covered_lines": 0, "num_statements": 12, "percent_covered": 0.0, "percent_covered_display": "0", "missing_lines": 12, "excluded_lines": 0, "percent_statements_covered": 0.0, "percent_statements_covered_display": "0"}, "missing_lines": [178, 181, 182, 183, 184, 185, 186, 187, 190, 193, 194, 196], "excluded_lines": [], "start_line": 176}, "ConfigValidator._validate_ruff_config": {"executed_lines": [], "summary": {"covered_lines": 0, "num_statements": 8, "percent_covered": 0.0, "percent_covered_display": "0", "missing_lines": 8, "excluded_lines": 0, "percent_statements_covered": 0.0, "percent_statements_covered_display": "0"}, "missing_lines": [201, 203, 204, 205, 207, 208, 209, 211], "excluded_lines": [], "start_line": 199}, "ConfigValidator._validate_mypy_config": {"executed_lines": [], "summary": {"covered_lines": 0, "num_statements": 5, "percent_covered": 0.0, "percent_covered_display": "0", "missing_lines": 5, "excluded_lines": 0, "percent_statements_covered": 0.0, "percent_statements_covered_display": "0"}, "missing_lines": [216, 218, 219, 220, 222], "excluded_lines": [], "start_line": 214}, "ConfigValidator._validate_isort_config": {"executed_lines": [], "summary": {"covered_lines": 0, "num_statements": 6, "percent_covered": 0.0, "percent_covered_display": "0", "missing_lines": 6, "excluded_lines": 0, "percent_statements_covered": 0.0, "percent_statements_covered_display": "0"}, "missing_lines": [227, 229, 230, 231, 232, 234], "excluded_lines": [], "start_line": 225}, "ConfigValidator._validate_performance_config": {"executed_lines": [], "summary": {"covered_lines": 0, "num_statements": 8, "percent_covered": 0.0, "percent_covered_display": "0", "missing_lines": 8, "excluded_lines": 0, "percent_statements_covered": 0.0, "percent_statements_covered_display": "0"}, "missing_lines": [239, 241, 242, 243, 245, 246, 247, 249], "excluded_lines": [], "start_line": 237}, "ConfigValidator._validate_rule_config": {"executed_lines": [], "summary": {"covered_lines": 0, "num_statements": 12, "percent_covered": 0.0, "percent_covered_display": "0", "missing_lines": 12, "excluded_lines": 0, "percent_statements_covered": 0.0, "percent_statements_covered_display": "0"}, "missing_lines": [254, 257, 258, 259, 260, 261, 263, 264, 265, 266, 267, 269], "excluded_lines": [], "start_line": 252}, "ConfigGenerator.generate_extended_config": {"executed_lines": [], "summary": {"covered_lines": 0, "num_statements": 23, "percent_covered": 0.0, "percent_covered_display": "0", "missing_lines": 23, "excluded_lines": 0, "percent_statements_covered": 0.0, "percent_statements_covered_display": "0"}, "missing_lines": [282, 283, 285, 286, 288, 343, 344, 351, 352, 358, 359, 366, 367, 368, 373, 374, 379, 380, 385, 386, 393, 394, 400], "excluded_lines": [], "start_line": 276}, "ConfigGenerator.generate_composite_rule_config": {"executed_lines": [], "summary": {"covered_lines": 0, "num_statements": 1, "percent_covered": 0.0, "percent_covered_display": "0", "missing_lines": 1, "excluded_lines": 0, "percent_statements_covered": 0.0, "percent_statements_covered_display": "0"}, "missing_lines": [410], "excluded_lines": [], "start_line": 403}, "ConfigGenerator.save_config": {"executed_lines": [], "summary": {"covered_lines": 0, "num_statements": 2, "percent_covered": 0.0, "percent_covered_display": "0", "missing_lines": 2, "excluded_lines": 0, "percent_statements_covered": 0.0, "percent_statements_covered_display": "0"}, "missing_lines": [422, 423], "excluded_lines": [], "start_line": 420}, "load_config_with_env": {"executed_lines": [], "summary": {"covered_lines": 0, "num_statements": 12, "percent_covered": 0.0, "percent_covered_display": "0", "missing_lines": 12, "excluded_lines": 0, "percent_statements_covered": 0.0, "percent_statements_covered_display": "0"}, "missing_lines": [432, 434, 435, 436, 437, 438, 439, 441, 442, 445, 446, 448], "excluded_lines": [], "start_line": 427}, "merge_configs": {"executed_lines": [], "summary": {"covered_lines": 0, "num_statements": 2, "percent_covered": 0.0, "percent_covered_display": "0", "missing_lines": 2, "excluded_lines": 0, "percent_statements_covered": 0.0, "percent_statements_covered_display": "0"}, "missing_lines": [453, 455], "excluded_lines": [], "start_line": 451}, "": {"executed_lines": [12, 13, 14, 15, 18, 19, 21, 24, 27, 58, 59, 133, 134, 146, 150, 154, 158, 172, 175, 176, 198, 199, 213, 214, 224, 225, 236, 237, 251, 252, 272, 275, 276, 402, 403, 419, 420, 427, 451], "summary": {"covered_lines": 39, "num_statements": 39, "percent_covered": 100.0, "percent_covered_display": "100", "missing_lines": 0, "excluded_lines": 0, "percent_statements_covered": 100.0, "percent_statements_covered_display": "100"}, "missing_lines": [], "excluded_lines": [], "start_line": 1}}, "classes": {"ExtendedConfig": {"executed_lines": [], "summary": {"covered_lines": 0, "num_statements": 43, "percent_covered": 0.0, "percent_covered_display": "0", "missing_lines": 43, "excluded_lines": 0, "percent_statements_covered": 0.0, "percent_statements_covered_display": "0"}, "missing_lines": [40, 43, 46, 49, 52, 55, 56, 61, 62, 64, 65, 68, 69, 71, 74, 75, 76, 77, 78, 80, 84, 87, 88, 90, 96, 99, 102, 105, 108, 109, 120, 136, 138, 139, 140, 142, 144, 148, 152, 156, 160, 162, 169], "excluded_lines": [], "start_line": 24}, "ConfigValidator": {"executed_lines": [], "summary": {"covered_lines": 0, "num_statements": 51, "percent_covered": 0.0, "percent_covered_display": "0", "missing_lines": 51, "excluded_lines": 0, "percent_statements_covered": 0.0, "percent_statements_covered_display": "0"}, "missing_lines": [178, 181, 182, 183, 184, 185, 186, 187, 190, 193, 194, 196, 201, 203, 204, 205, 207, 208, 209, 211, 216, 218, 219, 220, 222, 227, 229, 230, 231, 232, 234, 239, 241, 242, 243, 245, 246, 247, 249, 254, 257, 258, 259, 260, 261, 263, 264, 265, 266, 267, 269], "excluded_lines": [], "start_line": 172}, "ConfigGenerator": {"executed_lines": [], "summary": {"covered_lines": 0, "num_statements": 26, "percent_covered": 0.0, "percent_covered_display": "0", "missing_lines": 26, "excluded_lines": 0, "percent_statements_covered": 0.0, "percent_statements_covered_display": "0"}, "missing_lines": [282, 283, 285, 286, 288, 343, 344, 351, 352, 358, 359, 366, 367, 368, 373, 374, 379, 380, 385, 386, 393, 394, 400, 410, 422, 423], "excluded_lines": [], "start_line": 272}, "": {"executed_lines": [12, 13, 14, 15, 18, 19, 21, 24, 27, 58, 59, 133, 134, 146, 150, 154, 158, 172, 175, 176, 198, 199, 213, 214, 224, 225, 236, 237, 251, 252, 272, 275, 276, 402, 403, 419, 420, 427, 451], "summary": {"covered_lines": 39, "num_statements": 53, "percent_covered": 73.58490566037736, "percent_covered_display": "74", "missing_lines": 14, "excluded_lines": 0, "percent_statements_covered": 73.58490566037736, "percent_statements_covered_display": "74"}, "missing_lines": [432, 434, 435, 436, 437, 438, 439, 441, 442, 445, 446, 448, 453, 455], "excluded_lines": [], "start_line": 1}}}, "src/prefact/engine.py": {"executed_lines": [3, 5, 6, 7, 8, 9, 12, 15, 16, 17, 18, 19, 21, 22, 25, 28, 29, 33, 36, 39, 40, 41, 42, 45, 46, 48, 52, 53, 54, 55, 61, 62, 65, 66, 68, 70, 71, 74, 75, 79, 82, 85, 86, 87, 88, 91, 92, 94, 96, 97, 100, 101, 105, 106, 107, 108, 110, 113, 114, 115, 117, 118, 119, 121, 130, 131, 134, 138, 139, 141, 146, 147, 152, 158], "summary": {"covered_lines": 74, "num_statements": 95, "percent_covered": 77.89473684210526, "percent_covered_display": "78", "missing_lines": 21, "excluded_lines": 0, "percent_statements_covered": 77.89473684210526, "percent_statements_covered_display": "78"}, "missing_lines": [23, 30, 43, 49, 58, 59, 76, 89, 102, 103, 111, 135, 142, 143, 144, 148, 150, 153, 154, 155, 156], "excluded_lines": [], "functions": {"RefactoringEngine.__init__": {"executed_lines": [16, 17, 18, 19], "summary": {"covered_lines": 4, "num_statements": 4, "percent_covered": 100.0, "percent_covered_display": "100", "missing_lines": 0, "excluded_lines": 0, "percent_statements_covered": 100.0, "percent_statements_covered_display": "100"}, "missing_lines": [], "excluded_lines": [], "start_line": 15}, "RefactoringEngine.run": {"executed_lines": [22, 25, 28, 29, 33, 36, 39, 40, 41, 42, 45, 46, 48, 52, 53, 54, 55, 61, 62, 65, 66, 68], "summary": {"covered_lines": 22, "num_statements": 28, "percent_covered": 78.57142857142857, "percent_covered_display": "79", "missing_lines": 6, "excluded_lines": 0, "percent_statements_covered": 78.57142857142857, "percent_statements_covered_display": "79"}, "missing_lines": [23, 30, 43, 49, 58, 59], "excluded_lines": [], "start_line": 21}, "RefactoringEngine.scan_only": {"executed_lines": [71, 74, 75, 79, 82, 85, 86, 87, 88, 91, 92, 94], "summary": {"covered_lines": 12, "num_statements": 14, "percent_covered": 85.71428571428571, "percent_covered_display": "86", "missing_lines": 2, "excluded_lines": 0, "percent_statements_covered": 85.71428571428571, "percent_statements_covered_display": "86"}, "missing_lines": [76, 89], "excluded_lines": [], "start_line": 70}, "RefactoringEngine.run_file": {"executed_lines": [97, 100, 101, 105, 106, 107, 108, 110, 113, 114, 115, 117, 118, 119], "summary": {"covered_lines": 14, "num_statements": 17, "percent_covered": 82.3529411764706, "percent_covered_display": "82", "missing_lines": 3, "excluded_lines": 0, "percent_statements_covered": 82.3529411764706, "percent_statements_covered_display": "82"}, "missing_lines": [102, 103, 111], "excluded_lines": [], "start_line": 96}, "RefactoringEngine._preload_sources": {"executed_lines": [130, 131, 134, 138, 139, 141, 146, 147, 152, 158], "summary": {"covered_lines": 10, "num_statements": 20, "percent_covered": 50.0, "percent_covered_display": "50", "missing_lines": 10, "excluded_lines": 0, "percent_statements_covered": 50.0, "percent_statements_covered_display": "50"}, "missing_lines": [135, 142, 143, 144, 148, 150, 153, 154, 155, 156], "excluded_lines": [], "start_line": 121}, "": {"executed_lines": [3, 5, 6, 7, 8, 9, 12, 15, 21, 70, 96, 121], "summary": {"covered_lines": 12, "num_statements": 12, "percent_covered": 100.0, "percent_covered_display": "100", "missing_lines": 0, "excluded_lines": 0, "percent_statements_covered": 100.0, "percent_statements_covered_display": "100"}, "missing_lines": [], "excluded_lines": [], "start_line": 1}}, "classes": {"RefactoringEngine": {"executed_lines": [16, 17, 18, 19, 22, 25, 28, 29, 33, 36, 39, 40, 41, 42, 45, 46, 48, 52, 53, 54, 55, 61, 62, 65, 66, 68, 71, 74, 75, 79, 82, 85, 86, 87, 88, 91, 92, 94, 97, 100, 101, 105, 106, 107, 108, 110, 113, 114, 115, 117, 118, 119, 130, 131, 134, 138, 139, 141, 146, 147, 152, 158], "summary": {"covered_lines": 62, "num_statements": 83, "percent_covered": 74.6987951807229, "percent_covered_display": "75", "missing_lines": 21, "excluded_lines": 0, "percent_statements_covered": 74.6987951807229, "percent_statements_covered_display": "75"}, "missing_lines": [23, 30, 43, 49, 58, 59, 76, 89, 102, 103, 111, 135, 142, 143, 144, 148, 150, 153, 154, 155, 156], "excluded_lines": [], "start_line": 12}, "": {"executed_lines": [3, 5, 6, 7, 8, 9, 12, 15, 21, 70, 96, 121], "summary": {"covered_lines": 12, "num_statements": 12, "percent_covered": 100.0, "percent_covered_display": "100", "missing_lines": 0, "excluded_lines": 0, "percent_statements_covered": 100.0, "percent_statements_covered_display": "100"}, "missing_lines": [], "excluded_lines": [], "start_line": 1}}}, "src/prefact/fixer.py": {"executed_lines": [3, 4, 6, 7, 8, 11, 12, 13, 14, 15, 16, 17, 19, 28, 32, 33, 34, 35, 37, 38, 39, 41, 42, 44, 45, 46, 47, 49], "summary": {"covered_lines": 28, "num_statements": 34, "percent_covered": 82.3529411764706, "percent_covered_display": "82", "missing_lines": 6, "excluded_lines": 0, "percent_statements_covered": 82.3529411764706, "percent_statements_covered_display": "82"}, "missing_lines": [22, 23, 24, 25, 26, 40], "excluded_lines": [], "functions": {"Fixer.__init__": {"executed_lines": [13, 14, 15, 16, 17], "summary": {"covered_lines": 5, "num_statements": 5, "percent_covered": 100.0, "percent_covered_display": "100", "missing_lines": 0, "excluded_lines": 0, "percent_statements_covered": 100.0, "percent_statements_covered_display": "100"}, "missing_lines": [], "excluded_lines": [], "start_line": 12}, "Fixer.fix_file": {"executed_lines": [], "summary": {"covered_lines": 0, "num_statements": 5, "percent_covered": 0.0, "percent_covered_display": "0", "missing_lines": 5, "excluded_lines": 0, "percent_statements_covered": 0.0, "percent_statements_covered_display": "0"}, "missing_lines": [22, 23, 24, 25, 26], "excluded_lines": [], "start_line": 19}, "Fixer.fix_file_with_source": {"executed_lines": [32, 33, 34, 35, 37, 38, 39, 41, 42, 44, 45, 46, 47, 49], "summary": {"covered_lines": 14, "num_statements": 15, "percent_covered": 93.33333333333333, "percent_covered_display": "93", "missing_lines": 1, "excluded_lines": 0, "percent_statements_covered": 93.33333333333333, "percent_statements_covered_display": "93"}, "missing_lines": [40], "excluded_lines": [], "start_line": 28}, "": {"executed_lines": [3, 4, 6, 7, 8, 11, 12, 19, 28], "summary": {"covered_lines": 9, "num_statements": 9, "percent_covered": 100.0, "percent_covered_display": "100", "missing_lines": 0, "excluded_lines": 0, "percent_statements_covered": 100.0, "percent_statements_covered_display": "100"}, "missing_lines": [], "excluded_lines": [], "start_line": 1}}, "classes": {"Fixer": {"executed_lines": [13, 14, 15, 16, 17, 32, 33, 34, 35, 37, 38, 39, 41, 42, 44, 45, 46, 47, 49], "summary": {"covered_lines": 19, "num_statements": 25, "percent_covered": 76.0, "percent_covered_display": "76", "missing_lines": 6, "excluded_lines": 0, "percent_statements_covered": 76.0, "percent_statements_covered
[...]
09, 110, 111, 113], "excluded_lines": [], "start_line": 18}, "UnimportUnusedImports": {"executed_lines": [124, 125, 129, 142, 143, 146, 147, 149, 150, 151, 153, 154, 155, 156, 157, 159, 160, 161, 162, 164, 178], "summary": {"covered_lines": 21, "num_statements": 34, "percent_covered": 61.76470588235294, "percent_covered_display": "62", "missing_lines": 13, "excluded_lines": 0, "percent_statements_covered": 61.76470588235294, "percent_statements_covered_display": "62"}, "missing_lines": [165, 166, 168, 181, 182, 184, 185, 187, 188, 189, 197, 201, 203], "excluded_lines": [], "start_line": 117}, "UnimportDuplicateImports": {"executed_lines": [219, 220, 227, 229, 230, 231, 233, 234, 235, 236, 237, 248, 249, 250, 251, 252, 253, 254, 265, 269], "summary": {"covered_lines": 20, "num_statements": 34, "percent_covered": 58.8235294117647, "percent_covered_display": "59", "missing_lines": 14, "excluded_lines": 0, "percent_statements_covered": 58.8235294117647, "percent_statements_covered_display": "59"}, "missing_lines": [238, 255, 266, 267, 272, 273, 275, 276, 278, 279, 280, 288, 292, 294], "excluded_lines": [], "start_line": 212}, "UnimportStarImports": {"executed_lines": [311, 312, 317, 320, 321, 322, 323, 324, 338], "summary": {"covered_lines": 9, "num_statements": 21, "percent_covered": 42.857142857142854, "percent_covered_display": "43", "missing_lines": 12, "excluded_lines": 0, "percent_statements_covered": 42.857142857142854, "percent_statements_covered_display": "43"}, "missing_lines": [325, 326, 335, 336, 342, 343, 345, 346, 347, 355, 359, 361], "excluded_lines": [], "start_line": 304}, "UnimportAll": {"executed_lines": [378, 379, 388, 391, 392, 395, 396, 399, 400, 402], "summary": {"covered_lines": 10, "num_statements": 33, "percent_covered": 30.303030303030305, "percent_covered_display": "30", "missing_lines": 23, "excluded_lines": 0, "percent_statements_covered": 30.303030303030305, "percent_statements_covered_display": "30"}, "missing_lines": [405, 406, 408, 409, 411, 412, 413, 421, 425, 426, 429, 430, 431, 432, 435, 436, 437, 438, 441, 442, 443, 444, 446], "excluded_lines": [], "start_line": 371}, "": {"executed_lines": [7, 8, 9, 10, 11, 13, 14, 15, 18, 21, 22, 59, 60, 72, 73, 82, 83, 99, 100, 116, 117, 120, 121, 123, 127, 141, 180, 199, 211, 212, 215, 216, 218, 224, 271, 290, 303, 304, 307, 308, 310, 316, 340, 357, 370, 371, 374, 375, 377, 386, 404, 423], "summary": {"covered_lines": 52, "num_statements": 52, "percent_covered": 100.0, "percent_covered_display": "100", "missing_lines": 0, "excluded_lines": 0, "percent_statements_covered": 100.0, "percent_statements_covered_display": "100"}, "missing_lines": [], "excluded_lines": [], "start_line": 1}}}, "src/prefact/rules/unused_imports.py": {"executed_lines": [4, 5, 6, 8, 9, 10, 13, 15, 16, 17, 18, 19, 20, 21, 22, 24, 25, 26, 27, 30, 32, 33, 35, 37, 38, 40, 41, 42, 43, 45, 46, 48, 51, 53, 54, 55, 56, 57, 60, 62, 63, 64, 65, 66, 70, 72, 73, 74, 75, 76, 77, 80, 81, 82, 83, 85, 86, 87, 88, 91, 92, 94, 95, 96, 97, 98, 109, 111, 112, 115, 116, 117, 121, 122, 123, 125, 126, 127, 128, 129, 130, 131, 138, 139, 142, 143, 144, 145, 153, 154, 156], "summary": {"covered_lines": 91, "num_statements": 104, "percent_covered": 87.5, "percent_covered_display": "88", "missing_lines": 13, "excluded_lines": 0, "percent_statements_covered": 87.5, "percent_statements_covered_display": "88"}, "missing_lines": [23, 67, 89, 113, 118, 119, 157, 158, 159, 160, 161, 162, 163], "excluded_lines": [], "functions": {"_collect_imported_names": {"executed_lines": [15, 16, 17, 18, 19, 20, 21, 22, 24, 25, 26, 27], "summary": {"covered_lines": 12, "num_statements": 13, "percent_covered": 92.3076923076923, "percent_covered_display": "92", "missing_lines": 1, "excluded_lines": 0, "percent_statements_covered": 92.3076923076923, "percent_statements_covered_display": "92"}, "missing_lines": [23], "excluded_lines": [], "start_line": 13}, "_collect_used_names": {"executed_lines": [32, 33, 35, 37, 38, 40, 41, 42, 43, 45, 46, 48], "summary": {"covered_lines": 12, "num_statements": 12, "percent_covered": 100.0, "percent_covered_display": "100", "missing_lines": 0, "excluded_lines": 0, "percent_statements_covered": 100.0, "percent_statements_covered_display": "100"}, "missing_lines": [], "excluded_lines": [], "start_line": 30}, "_get_import_lines": {"executed_lines": [53, 54, 55, 56, 57], "summary": {"covered_lines": 5, "num_statements": 5, "percent_covered": 100.0, "percent_covered_display": "100", "missing_lines": 0, "excluded_lines": 0, "percent_statements_covered": 100.0, "percent_statements_covered_display": "100"}, "missing_lines": [], "excluded_lines": [], "start_line": 51}, "_get_attribute_root": {"executed_lines": [62, 63, 64, 65, 66], "summary": {"covered_lines": 5, "num_statements": 6, "percent_covered": 83.33333333333333, "percent_covered_display": "83", "missing_lines": 1, "excluded_lines": 0, "percent_statements_covered": 83.33333333333333, "percent_statements_covered_display": "83"}, "missing_lines": [67], "excluded_lines": [], "start_line": 60}, "_process_assignment_for_all": {"executed_lines": [72, 73, 74, 75, 76, 77], "summary": {"covered_lines": 6, "num_statements": 6, "percent_covered": 100.0, "percent_covered_display": "100", "missing_lines": 0, "excluded_lines": 0, "percent_statements_covered": 100.0, "percent_statements_covered_display": "100"}, "missing_lines": [], "excluded_lines": [], "start_line": 70}, "UnusedImports.scan_file": {"executed_lines": [86, 87, 88, 91, 92, 94, 95, 96, 97, 98, 109], "summary": {"covered_lines": 11, "num_statements": 12, "percent_covered": 91.66666666666667, "percent_covered_display": "92", "missing_lines": 1, "excluded_lines": 0, "percent_statements_covered": 91.66666666666667, "percent_statements_covered_display": "92"}, "missing_lines": [89], "excluded_lines": [], "start_line": 85}, "UnusedImports.fix": {"executed_lines": [112, 115, 116, 117, 121, 122, 123, 125, 126, 127, 128, 129, 130, 131, 138, 139, 142, 143, 144, 145, 153, 154], "summary": {"covered_lines": 22, "num_statements": 25, "percent_covered": 88.0, "percent_covered_display": "88", "missing_lines": 3, "excluded_lines": 0, "percent_statements_covered": 88.0, "percent_statements_covered_display": "88"}, "missing_lines": [113, 118, 119], "excluded_lines": [], "start_line": 111}, "UnusedImports.validate": {"executed_lines": [], "summary": {"covered_lines": 0, "num_statements": 7, "percent_covered": 0.0, "percent_covered_display": "0", "missing_lines": 7, "excluded_lines": 0, "percent_statements_covered": 0.0, "percent_statements_covered_display": "0"}, "missing_lines": [157, 158, 159, 160, 161, 162, 163], "excluded_lines": [], "start_line": 156}, "": {"executed_lines": [4, 5, 6, 8, 9, 10, 13, 30, 51, 60, 70, 80, 81, 82, 83, 85, 111, 156], "summary": {"covered_lines": 18, "num_statements": 18, "percent_covered": 100.0, "percent_covered_display": "100", "missing_lines": 0, "excluded_lines": 0, "percent_statements_covered": 100.0, "percent_statements_covered_display": "100"}, "missing_lines": [], "excluded_lines": [], "start_line": 1}}, "classes": {"UnusedImports": {"executed_lines": [86, 87, 88, 91, 92, 94, 95, 96, 97, 98, 109, 112, 115, 116, 117, 121, 122, 123, 125, 126, 127, 128, 129, 130, 131, 138, 139, 142, 143, 144, 145, 153, 154], "summary": {"covered_lines": 33, "num_statements": 44, "percent_covered": 75.0, "percent_covered_display": "75", "missing_lines": 11, "excluded_lines": 0, "percent_statements_covered": 75.0, "percent_statements_covered_display": "75"}, "missing_lines": [89, 113, 118, 119, 157, 158, 159, 160, 161, 162, 163], "excluded_lines": [], "start_line": 81}, "": {"executed_lines": [4, 5, 6, 8, 9, 10, 13, 15, 16, 17, 18, 19, 20, 21, 22, 24, 25, 26, 27, 30, 32, 33, 35, 37, 38, 40, 41, 42, 43, 45, 46, 48, 51, 53, 54, 55, 56, 57, 60, 62, 63, 64, 65, 66, 70, 72, 73, 74, 75, 76, 77, 80, 81, 82, 83, 85, 111, 156], "summary": {"covered_lines": 58, "num_statements": 60, "percent_covered": 96.66666666666667, "percent_covered_display": "97", "missing_lines": 2, "excluded_lines": 0, "percent_statements_covered": 96.66666666666667, "percent_statements_covered_display": "97"}, "missing_lines": [23, 67], "excluded_lines": [], "start_line": 1}}}, "src/prefact/rules/wildcard_imports.py": {"executed_lines": [3, 4, 6, 7, 8, 11, 12, 13, 14, 16, 17, 18, 19, 21, 22, 23, 24, 25, 26, 35, 37, 38, 40], "summary": {"covered_lines": 23, "num_statements": 25, "percent_covered": 92.0, "percent_covered_display": "92", "missing_lines": 2, "excluded_lines": 0, "percent_statements_covered": 92.0, "percent_statements_covered_display": "92"}, "missing_lines": [20, 41], "excluded_lines": [], "functions": {"WildcardImports.scan_file": {"executed_lines": [17, 18, 19, 21, 22, 23, 24, 25, 26, 35], "summary": {"covered_lines": 10, "num_statements": 11, "percent_covered": 90.9090909090909, "percent_covered_display": "91", "missing_lines": 1, "excluded_lines": 0, "percent_statements_covered": 90.9090909090909, "percent_statements_covered_display": "91"}, "missing_lines": [20], "excluded_lines": [], "start_line": 16}, "WildcardImports.fix": {"executed_lines": [38], "summary": {"covered_lines": 1, "num_statements": 1, "percent_covered": 100.0, "percent_covered_display": "100", "missing_lines": 0, "excluded_lines": 0, "percent_statements_covered": 100.0, "percent_statements_covered_display": "100"}, "missing_lines": [], "excluded_lines": [], "start_line": 37}, "WildcardImports.validate": {"executed_lines": [], "summary": {"covered_lines": 0, "num_statements": 1, "percent_covered": 0.0, "percent_covered_display": "0", "missing_lines": 1, "excluded_lines": 0, "percent_statements_covered": 0.0, "percent_statements_covered_display": "0"}, "missing_lines": [41], "excluded_lines": [], "start_line": 40}, "": {"executed_lines": [3, 4, 6, 7, 8, 11, 12, 13, 14, 16, 37, 40], "summary": {"covered_lines": 12, "num_statements": 12, "percent_covered": 100.0, "percent_covered_display": "100", "missing_lines": 0, "excluded_lines": 0, "percent_statements_covered": 100.0, "percent_statements_covered_display": "100"}, "missing_lines": [], "excluded_lines": [], "start_line": 1}}, "classes": {"WildcardImports": {"executed_lines": [17, 18, 19, 21, 22, 23, 24, 25, 26, 35, 38], "summary": {"covered_lines": 11, "num_statements": 13, "percent_covered": 84.61538461538461, "percent_covered_display": "85", "missing_lines": 2, "excluded_lines": 0, "percent_statements_covered": 84.61538461538461, "percent_statements_covered_display": "85"}, "missing_lines": [20, 41], "excluded_lines": [], "start_line": 12}, "": {"executed_lines": [3, 4, 6, 7, 8, 11, 12, 13, 14, 16, 37, 40], "summary": {"covered_lines": 12, "num_statements": 12, "percent_covered": 100.0, "percent_covered_display": "100", "missing_lines": 0, "excluded_lines": 0, "percent_statements_covered": 100.0, "percent_statements_covered_display": "100"}, "missing_lines": [], "excluded_lines": [], "start_line": 1}}}, "src/prefact/scanner.py": {"executed_lines": [4, 5, 6, 7, 8, 10, 11, 12, 14, 17, 19, 20, 21, 22, 23, 24, 25, 27, 28, 31, 34, 37, 43, 48, 50, 51, 54, 56, 58, 59, 60, 62, 80, 83, 84, 85, 87, 89, 90, 91, 92, 94, 95, 96, 97, 98, 99, 100, 101, 103, 116, 122, 123, 124, 126, 127, 128, 129, 130, 132, 133, 134, 135, 136, 137, 138, 140, 141, 142, 143, 144, 148, 149, 150, 151, 152, 154, 156, 158, 160, 162, 166, 169, 172, 174, 176, 178, 180, 183], "summary": {"covered_lines": 89, "num_statements": 122, "percent_covered": 72.95081967213115, "percent_covered_display": "73", "missing_lines": 33, "excluded_lines": 0, "percent_statements_covered": 72.95081967213115, "percent_statements_covered_display": "73"}, "missing_lines": [29, 30, 38, 39, 40, 44, 61, 65, 69, 70, 72, 73, 75, 76, 77, 104, 105, 107, 108, 109, 110, 111, 112, 113, 114, 163, 167, 170, 173, 175, 177, 179, 181], "excluded_lines": [], "functions": {"_load_gitignore": {"executed_lines": [19, 20, 21, 22, 23, 24, 25, 27, 28, 31], "summary": {"covered_lines": 10, "num_statements": 12, "percent_covered": 83.33333333333333, "percent_covered_display": "83", "missing_lines": 2, "excluded_lines": 0, "percent_statements_covered": 83.33333333333333, "percent_statements_covered_display": "83"}, "missing_lines": [29, 30], "excluded_lines": [], "start_line": 17}, "_match_gitignore_pattern": {"executed_lines": [37, 43, 48, 50, 51, 54, 56, 58, 59, 60, 62], "summary": {"covered_lines": 11, "num_statements": 24, "percent_covered": 45.833333333333336, "percent_covered_display": "46", "missing_lines": 13, "excluded_lines": 0, "percent_statements_covered": 45.833333333333336, "percent_statements_covered_display": "46"}, "missing_lines": [38, 39, 40, 44, 61, 65, 69, 70, 72, 73, 75, 76, 77], "excluded_lines": [], "start_line": 34}, "Scanner.__init__": {"executed_lines": [84, 85, 87, 89, 90, 91, 92], "summary": {"covered_lines": 7, "num_statements": 7, "percent_covered": 100.0, "percent_covered_display": "100", "missing_lines": 0, "excluded_lines": 0, "percent_statements_covered": 100.0, "percent_statements_covered_display": "100"}, "missing_lines": [], "excluded_lines": [], "start_line": 83}, "Scanner.collect_files": {"executed_lines": [95, 96, 97, 98, 99, 100, 101], "summary": {"covered_lines": 7, "num_statements": 7, "percent_covered": 100.0, "percent_covered_display": "100", "missing_lines": 0, "excluded_lines": 0, "percent_statements_covered": 100.0, "percent_statements_covered_display": "100"}, "missing_lines": [], "excluded_lines": [], "start_line": 94}, "Scanner.scan": {"executed_lines": [], "summary": {"covered_lines": 0, "num_statements": 10, "percent_covered": 0.0, "percent_covered_display": "0", "missing_lines": 10, "excluded_lines": 0, "percent_statements_covered": 0.0, "percent_statements_covered_display": "0"}, "missing_lines": [104, 105, 107, 108, 109, 110, 111, 112, 113, 114], "excluded_lines": [], "start_line": 103}, "Scanner.scan_sources": {"executed_lines": [122, 123, 124], "summary": {"covered_lines": 3, "num_statements": 3, "percent_covered": 100.0, "percent_covered_display": "100", "missing_lines": 0, "excluded_lines": 0, "percent_statements_covered": 100.0, "percent_statements_covered_display": "100"}, "missing_lines": [], "excluded_lines": [], "start_line": 116}, "Scanner._scan_single": {"executed_lines": [127, 128, 129, 130], "summary": {"covered_lines": 4, "num_statements": 4, "percent_covered": 100.0, "percent_covered_display": "100", "missing_lines": 0, "excluded_lines": 0, "percent_statements_covered": 100.0, "percent_statements_covered_display": "100"}, "missing_lines": [], "excluded_lines": [], "start_line": 126}, "Scanner._scan_sources_sequential": {"executed_lines": [133, 134, 135, 136, 137, 138], "summary": {"covered_lines": 6, "num_statements": 6, "percent_covered": 100.0, "percent_covered_display": "100", "missing_lines": 0, "excluded_lines": 0, "percent_statements_covered": 100.0, "percent_statements_covered_display": "100"}, "missing_lines": [], "excluded_lines": [], "start_line": 132}, "Scanner._scan_sources_parallel": {"executed_lines": [141, 142, 143, 144, 148, 149, 150, 151, 152], "summary": {"covered_lines": 9, "num_statements": 9, "percent_covered": 100.0, "percent_covered_display": "100", "missing_lines": 0, "excluded_lines": 0, "percent_statements_covered": 100.0, "percent_statements_covered_display": "100"}, "missing_lines": [], "excluded_lines": [], "start_line": 140}, "Scanner._excluded": {"executed_lines": [156, 158, 160, 162, 166, 169, 172, 174, 176, 178, 180, 183], "summary": {"covered_lines": 12, "num_statements": 20, "percent_covered": 60.0, "percent_covered_display": "60", "missing_lines": 8, "excluded_lines": 0, "percent_statements_covered": 60.0, "percent_statements_covered_display": "60"}, "missing_lines": [163, 167, 170, 173, 175, 177, 179, 181], "excluded_lines": [], "start_line": 154}, "": {"executed_lines": [4, 5, 6, 7, 8, 10, 11, 12, 14, 17, 34, 80, 83, 94, 103, 116, 126, 132, 140, 154], "summary": {"covered_lines": 20, "num_statements": 20, "percent_covered": 100.0, "percent_covered_display": "100", "missing_lines": 0, "excluded_lines": 0, "percent_statements_covered": 100.0, "percent_statements_covered_display": "100"}, "missing_lines": [], "excluded_lines": [], "start_line": 1}}, "classes": {"Scanner": {"executed_lines": [84, 85, 87, 89, 90, 91, 92, 95, 96, 97, 98, 99, 100, 101, 122, 123, 124, 127, 128, 129, 130, 133, 134, 135, 136, 137, 138, 141, 142, 143, 144, 148, 149, 150, 151, 152, 156, 158, 160, 162, 166, 169, 172, 174, 176, 178, 180, 183], "summary": {"covered_lines": 48, "num_statements": 66, "percent_covered": 72.72727272727273, "percent_covered_display": "73", "missing_lines": 18, "excluded_lines": 0, "percent_statements_covered": 72.72727272727273, "percent_statements_covered_display": "73"}, "missing_lines": [104, 105, 107, 108, 109, 110, 111, 112, 113, 114, 163, 167, 170, 173, 175, 177, 179, 181], "excluded_lines": [], "start_line": 80}, "": {"executed_lines": [4, 5, 6, 7, 8, 10, 11, 12, 14, 17, 19, 20, 21, 22, 23, 24, 25, 27, 28, 31, 34, 37, 43, 48, 50, 51, 54, 56, 58, 59, 60, 62, 80, 83, 94, 103, 116, 126, 132, 140, 154], "summary": {"covered_lines": 41, "num_statements": 56, "percent_covered": 73.21428571428571, "percent_covered_display": "73", "missing_lines": 15, "excluded_lines": 0, "percent_statements_covered": 73.21428571428571, "percent_statements_covered_display": "73"}, "missing_lines": [29, 30, 38, 39, 40, 44, 61, 65, 69, 70, 72, 73, 75, 76, 77], "excluded_lines": [], "start_line": 1}}}, "src/prefact/validator.py": {"executed_lines": [4, 6, 7, 8, 11, 12, 13, 14, 15, 16, 17, 19, 22, 23, 24, 25, 26, 28, 29], "summary": {"covered_lines": 19, "num_statements": 20, "percent_covered": 95.0, "percent_covered_display": "95", "missing_lines": 1, "excluded_lines": 0, "percent_statements_covered": 95.0, "percent_statements_covered_display": "95"}, "missing_lines": [27], "excluded_lines": [], "functions": {"Validator.__init__": {"executed_lines": [13, 14, 15, 16, 17], "summary": {"covered_lines": 5, "num_statements": 5, "percent_covered": 100.0, "percent_covered_display": "100", "missing_lines": 0, "excluded_lines": 0, "percent_statements_covered": 100.0, "percent_statements_covered_display": "100"}, "missing_lines": [], "excluded_lines": [], "start_line": 12}, "Validator.validate_file": {"executed_lines": [22, 23, 24, 25, 26, 28, 29], "summary": {"covered_lines": 7, "num_statements": 8, "percent_covered": 87.5, "percent_covered_display": "88", "missing_lines": 1, "excluded_lines": 0, "percent_statements_covered": 87.5, "percent_statements_covered_display": "88"}, "missing_lines": [27], "excluded_lines": [], "start_line": 19}, "": {"executed_lines": [4, 6, 7, 8, 11, 12, 19], "summary": {"covered_lines": 7, "num_statements": 7, "percent_covered": 100.0, "percent_covered_display": "100", "missing_lines": 0, "excluded_lines": 0, "percent_statements_covered": 100.0, "percent_statements_covered_display": "100"}, "missing_lines": [], "excluded_lines": [], "start_line": 1}}, "classes": {"Validator": {"executed_lines": [13, 14, 15, 16, 17, 22, 23, 24, 25, 26, 28, 29], "summary": {"covered_lines": 12, "num_statements": 13, "percent_covered": 92.3076923076923, "percent_covered_display": "92", "missing_lines": 1, "excluded_lines": 0, "percent_statements_covered": 92.3076923076923, "percent_statements_covered_display": "92"}, "missing_lines": [27], "excluded_lines": [], "start_line": 11}, "": {"executed_lines": [4, 6, 7, 8, 11, 12, 19], "summary": {"covered_lines": 7, "num_statements": 7, "percent_covered": 100.0, "percent_covered_display": "100", "missing_lines": 0, "excluded_lines": 0, "percent_statements_covered": 100.0, "percent_statements_covered_display": "100"}, "missing_lines": [], "excluded_lines": [], "start_line": 1}}}}, "totals": {"covered_lines": 2361, "num_statements": 5543, "percent_covered": 42.594263034457875, "percent_covered_display": "43", "missing_lines": 3182, "excluded_lines": 22, "percent_statements_covered": 42.594263034457875, "percent_statements_covered_display": "43"}}